2023-07-25 15:19:05,182 - INFO - Have tred in C:\Users\ASUS\PycharmProjects\viz\argorithm/../assets/graph0/BF3012 [('4269325018439640014', 'CH3316')]
2023-07-25 15:19:05,195 - INFO - Have tred in C:\Users\ASUS\PycharmProjects\viz\argorithm/../assets/graph0/BF3013 [('4269325018439640014', 'CH3316')]
2023-07-25 15:19:05,256 - INFO - Have tred in C:\Users\ASUS\PycharmProjects\viz\argorithm/../assets/graph0/BF3018 [('-698285852385183002', 'BF3012'), ('-6513885087599806214', 'BF3050'), ('-6513885087599806214', 'BF3010'), ('4269325018439640014', 'CH3316')]
2023-07-25 15:19:05,294 - INFO - Have tred in C:\Users\ASUS\PycharmProjects\viz\argorithm/../assets/graph0/BF3021 [('-7897790806351005666', 'CH3306')]
2023-07-25 15:19:05,307 - INFO - Have tred in C:\Users\ASUS\PycharmProjects\viz\argorithm/../assets/graph0/BF3022 [('4269325018439640014', 'CH3316'), ('4603613010288444695', '7985035146913957006')]
2023-07-25 15:19:05,356 - INFO - Have tred in C:\Users\ASUS\PycharmProjects\viz\argorithm/../assets/graph0/BF3032 [('4269325018439640014', 'CH3316'), ('-6513885087599806214', 'BF3050'), ('-6513885087599806214', 'BF3010')]
2023-07-25 15:19:05,370 - INFO - Have tred in C:\Users\ASUS\PycharmProjects\viz\argorithm/../assets/graph0/BF3033 [('4269325018439640014', 'CH3316')]
2023-07-25 15:19:05,405 - INFO - Have tred in C:\Users\ASUS\PycharmProjects\viz\argorithm/../assets/graph0/BF3050 [('4269325018439640014', 'CH3316')]
2023-07-25 15:19:05,459 - INFO - Have tred in C:\Users\ASUS\PycharmProjects\viz\argorithm/../assets/graph0/BF3091 [('4269325018439640014', 'CH3316')]
2023-07-25 15:19:05,509 - INFO - Have tred in C:\Users\ASUS\PycharmProjects\viz\argorithm/../assets/graph0/BF3113 [('-299177744412989608', 'BF3350')]
2023-07-25 15:19:05,542 - INFO - Have tred in C:\Users\ASUS\PycharmProjects\viz\argorithm/../assets/graph0/BF3115 [('-299177744412989608', 'BF3350')]
2023-07-25 15:19:05,556 - INFO - Have tred in C:\Users\ASUS\PycharmProjects\viz\argorithm/../assets/graph0/BF3116 [('-299177744412989608', 'BF3350')]
2023-07-25 15:19:05,570 - INFO - Have tred in C:\Users\ASUS\PycharmProjects\viz\argorithm/../assets/graph0/BF3117 [('4269325018439640014', 'CH3316')]
2023-07-25 15:19:05,609 - INFO - Have tred in C:\Users\ASUS\PycharmProjects\viz\argorithm/../assets/graph0/BF3121 [('-538651637608145876', 'ME2015'), ('7722172782901249582', 'CH3402')]
2023-07-25 15:19:05,622 - INFO - Have tred in C:\Users\ASUS\PycharmProjects\viz\argorithm/../assets/graph0/BF3122 [('-538651637608145876', 'ME2015'), ('7722172782901249582', 'CH3402')]
2023-07-25 15:19:05,656 - INFO - Have tred in C:\Users\ASUS\PycharmProjects\viz\argorithm/../assets/graph0/BF3125 [('-538651637608145876', 'ME2015'), ('7722172782901249582', 'CH3402')]
2023-07-25 15:19:05,690 - INFO - Have tred in C:\Users\ASUS\PycharmProjects\viz\argorithm/../assets/graph0/BF3140 [('1718331300621378261', 'BF3010')]
2023-07-25 15:19:05,724 - INFO - Have tred in C:\Users\ASUS\PycharmProjects\viz\argorithm/../assets/graph0/BF3170 [('-2373849227628845234', 'CH3002'), ('-5382856603170200943', 'CH1010')]
2023-07-25 15:19:05,761 - INFO - Have tred in C:\Users\ASUS\PycharmProjects\viz\argorithm/../assets/graph0/BF3190 [('-5382856603170200943', 'CH1010'), ('5602169070044275841', 'BF3010'), ('5602169070044275841', 'CH3002')]
2023-07-25 15:19:05,798 - INFO - Have tred in C:\Users\ASUS\PycharmProjects\viz\argorithm/../assets/graph0/BF3200 [('-5382856603170200943', 'CH1010'), ('-1935003241693039309', 'BF3010'), ('-1935003241693039309', 'CH3002')]
2023-07-25 15:19:06,829 - INFO - Have tred in C:\Users\ASUS\PycharmProjects\viz\argorithm/../assets/graph0/BF4151 [('-538651637608145876', 'ME2015')]
2023-07-25 15:19:06,843 - INFO - Have tred in C:\Users\ASUS\PycharmProjects\viz\argorithm/../assets/graph0/BF4152 [('-538651637608145876', 'ME2015'), ('7722172782901249582', 'CH3402')]
2023-07-25 15:19:06,856 - INFO - Have tred in C:\Users\ASUS\PycharmProjects\viz\argorithm/../assets/graph0/BF4153 [('-299177744412989608', 'BF3350')]
2023-07-25 15:19:06,882 - INFO - Have tred in C:\Users\ASUS\PycharmProjects\viz\argorithm/../assets/graph0/BF4155 [('4269325018439640014', 'CH3316'), ('-2164667210892847584', 'CH3223')]
2023-07-25 15:19:06,896 - INFO - Have tred in C:\Users\ASUS\PycharmProjects\viz\argorithm/../assets/graph0/BF4156 [('4269325018439640014', 'CH3316'), ('-2164667210892847584', 'CH3223')]
2023-07-25 15:19:06,920 - INFO - Have tred in C:\Users\ASUS\PycharmProjects\viz\argorithm/../assets/graph0/BF4161 [('-538651637608145876', 'ME2015')]
2023-07-25 15:19:06,933 - INFO - Have tred in C:\Users\ASUS\PycharmProjects\viz\argorithm/../assets/graph0/BF4162 [('-538651637608145876', 'ME2015'), ('7722172782901249582', 'CH3402')]
2023-07-25 15:19:06,946 - INFO - Have tred in C:\Users\ASUS\PycharmProjects\viz\argorithm/../assets/graph0/BF4163 [('-299177744412989608', 'BF3350')]
2023-07-25 15:19:07,041 - INFO - Have tred in C:\Users\ASUS\PycharmProjects\viz\argorithm/../assets/graph0/BF4191 [('-538651637608145876', 'ME2015'), ('7722172782901249582', 'CH3402')]
2023-07-25 15:19:07,088 - INFO - Have tred in C:\Users\ASUS\PycharmProjects\viz\argorithm/../assets/graph0/BF4212 [('4269325018439640014', 'CH3316')]
2023-07-25 15:19:07,104 - INFO - Have tred in C:\Users\ASUS\PycharmProjects\viz\argorithm/../assets/graph0/BF4213 [('4269325018439640014', 'CH3316'), ('-5267198354614842540', '7985035146913957006')]
2023-07-25 15:19:07,119 - INFO - Have tred in C:\Users\ASUS\PycharmProjects\viz\argorithm/../assets/graph0/BF4214 [('4269325018439640014', 'CH3316'), ('-5267198354614842540', '7985035146913957006')]
2023-07-25 15:19:07,145 - INFO - Have tred in C:\Users\ASUS\PycharmProjects\viz\argorithm/../assets/graph0/BF4216 [('4269325018439640014', 'CH3316'), ('-5267198354614842540', '7985035146913957006')]
2023-07-25 15:19:07,203 - INFO - Have tred in C:\Users\ASUS\PycharmProjects\viz\argorithm/../assets/graph0/BF4240 [('4269325018439640014', 'CH3316')]
2023-07-25 15:19:07,259 - INFO - Have tred in C:\Users\ASUS\PycharmProjects\viz\argorithm/../assets/graph0/BF4310 [('4269325018439640014', 'CH3316'), ('-5267198354614842540', '7985035146913957006')]
2023-07-25 15:19:07,272 - INFO - Have tred in C:\Users\ASUS\PycharmProjects\viz\argorithm/../assets/graph0/BF4311 [('4269325018439640014', 'CH3316')]
2023-07-25 15:19:07,297 - INFO - Have tred in C:\Users\ASUS\PycharmProjects\viz\argorithm/../assets/graph0/BF4313 [('4269325018439640014', 'CH3316')]
2023-07-25 15:19:07,310 - INFO - Have tred in C:\Users\ASUS\PycharmProjects\viz\argorithm/../assets/graph0/BF4314 [('-698285852385183002', 'BF3012'), ('-6513885087599806214', 'BF3050'), ('-6513885087599806214', 'BF3010'), ('4269325018439640014', 'CH3316')]
2023-07-25 15:19:07,346 - INFO - Have tred in C:\Users\ASUS\PycharmProjects\viz\argorithm/../assets/graph0/BF4317 [('4269325018439640014', 'CH3316'), ('20340646448241051', 'CH3223')]
2023-07-25 15:19:07,360 - INFO - Have tred in C:\Users\ASUS\PycharmProjects\viz\argorithm/../assets/graph0/BF4318 [('4269325018439640014', 'CH3316'), ('-5267198354614842540', '7985035146913957006')]
2023-07-25 15:19:07,374 - INFO - Have tred in C:\Users\ASUS\PycharmProjects\viz\argorithm/../assets/graph0/BF4319 [('4269325018439640014', 'CH3316')]
2023-07-25 15:19:07,387 - INFO - Have tred in C:\Users\ASUS\PycharmProjects\viz\argorithm/../assets/graph0/BF4321 [('4269325018439640014', 'CH3316'), ('-6513885087599806214', 'BF3010'), ('-698285852385183002', 'BF3012'), ('-6513885087599806214', 'BF3050'), ('-5267198354614842540', '7985035146913957006')]
2023-07-25 15:19:07,401 - INFO - Have tred in C:\Users\ASUS\PycharmProjects\viz\argorithm/../assets/graph0/BF4340 [('-698285852385183002', 'BF3012'), ('-6513885087599806214', 'BF3050'), ('-6513885087599806214', 'BF3010'), ('4269325018439640014', 'CH3316')]
2023-07-25 15:19:07,424 - INFO - Have tred in C:\Users\ASUS\PycharmProjects\viz\argorithm/../assets/graph0/BF4411 [('4269325018439640014', 'CH3316'), ('-1546054715041391', 'BF3016'), ('-5267198354614842540', '7985035146913957006'), ('-1546054715041391', 'BF3014')]
2023-07-25 15:19:07,495 - INFO - Have tred in C:\Users\ASUS\PycharmProjects\viz\argorithm/../assets/graph0/BF4421 [('8060455241268706680', 'BF3014'), ('-1546054715041391', 'BF3016'), ('4269325018439640014', 'CH3316'), ('8060455241268706680', 'BF3016'), ('-1546054715041391', 'BF3014'), ('8060455241268706680', 'BF3015'), ('-5267198354614842540', '7985035146913957006')]
2023-07-25 15:19:07,585 - INFO - Have tred in C:\Users\ASUS\PycharmProjects\viz\argorithm/../assets/graph0/BF4510 [('7306049861055473184', 'BF3410'), ('7306049861055473184', 'BF3380')]
2023-07-25 15:19:07,936 - INFO - Have tred in C:\Users\ASUS\PycharmProjects\viz\argorithm/../assets/graph0/BF4610 [('2649963546371266595', 'BF3410')]
2023-07-25 15:19:07,960 - INFO - Have tred in C:\Users\ASUS\PycharmProjects\viz\argorithm/../assets/graph0/BF4630 [('-865421935141800870', 'CH3401')]
2023-07-25 15:19:08,323 - INFO - Have tred in C:\Users\ASUS\PycharmProjects\viz\argorithm/../assets/graph0/BF4740 [('5266510406307568020', 'ME3040')]
2023-07-25 15:19:08,336 - INFO - Have tred in C:\Users\ASUS\PycharmProjects\viz\argorithm/../assets/graph0/BF4750 [('5266510406307568020', 'ME3040'), ('2572889153401643198', 'HE2010')]
2023-07-25 15:19:08,349 - INFO - Have tred in C:\Users\ASUS\PycharmProjects\viz\argorithm/../assets/graph0/BF4760 [('9050720995436250473', 'HE2010'), ('5266510406307568020', 'ME3040')]
2023-07-25 15:19:08,397 - INFO - Have tred in C:\Users\ASUS\PycharmProjects\viz\argorithm/../assets/graph0/BF4790 [('5266510406307568020', 'ME3040')]
2023-07-25 15:19:08,488 - INFO - Have tred in C:\Users\ASUS\PycharmProjects\viz\argorithm/../assets/graph0/BF4830 [('1512294981914129672', 'ME3040'), ('8068022026216997495', 'ME2140')]
2023-07-25 15:19:08,502 - INFO - Have tred in C:\Users\ASUS\PycharmProjects\viz\argorithm/../assets/graph0/BF4840 [('5266510406307568020', 'ME3040'), ('-3119087980304000270', 'BF3710')]
2023-07-25 15:19:08,536 - INFO - Have tred in C:\Users\ASUS\PycharmProjects\viz\argorithm/../assets/graph0/BF4870 [('3121120643543725939', 'BF3710')]
2023-07-25 15:19:08,604 - INFO - Have tred in C:\Users\ASUS\PycharmProjects\viz\argorithm/../assets/graph0/BF4930 [('1512294981914129672', 'ME3040'), ('-4764365709393577083', 'ME3080'), ('8068022026216997495', 'ME2140')]
2023-07-25 15:19:08,630 - INFO - Have tred in C:\Users\ASUS\PycharmProjects\viz\argorithm/../assets/graph0/BF4950 [('9050720995436250473', 'HE2010'), ('5266510406307568020', 'ME3040'), ('2111729616360235874', 'HE2010'), ('2111729616360235874', 'BF4740')]
2023-07-25 15:19:08,760 - INFO - Have tred in C:\Users\ASUS\PycharmProjects\viz\argorithm/../assets/graph0/BF5010 [('-4282766058154205466', 'BF4010')]
2023-07-25 15:19:11,448 - INFO - Have tred in C:\Users\ASUS\PycharmProjects\viz\argorithm/../assets/graph0/CH3001 [('926831309908870195', 'MI1010'), ('926831309908870195', 'PH1010')]
2023-07-25 15:19:11,595 - INFO - Have tred in C:\Users\ASUS\PycharmProjects\viz\argorithm/../assets/graph0/CH3011 [('926831309908870195', 'MI1010'), ('926831309908870195', 'PH1010')]
2023-07-25 15:19:11,608 - INFO - Have tred in C:\Users\ASUS\PycharmProjects\viz\argorithm/../assets/graph0/CH3020 [('897036371705134630', 'PH1020'), ('897036371705134630', 'CH1010'), ('897036371705134630', 'MI1040')]
2023-07-25 15:19:11,622 - INFO - Have tred in C:\Users\ASUS\PycharmProjects\viz\argorithm/../assets/graph0/CH3030 [('897036371705134630', 'PH1020'), ('897036371705134630', 'CH1010'), ('897036371705134630', 'MI1040')]
2023-07-25 15:19:12,284 - INFO - Have tred in C:\Users\ASUS\PycharmProjects\viz\argorithm/../assets/graph0/CH3301 [('926831309908870195', 'MI1010'), ('5379706092494931460', 'CH1010'), ('926831309908870195', 'PH1010')]
2023-07-25 15:19:12,297 - INFO - Have tred in C:\Users\ASUS\PycharmProjects\viz\argorithm/../assets/graph0/CH3302 [('-7248331734305382615', 'CH1010')]
2023-07-25 15:19:12,310 - INFO - Have tred in C:\Users\ASUS\PycharmProjects\viz\argorithm/../assets/graph0/CH3303 [('464807512356096159', 'CH1010')]
2023-07-25 15:19:12,324 - INFO - Have tred in C:\Users\ASUS\PycharmProjects\viz\argorithm/../assets/graph0/CH3304 [('-5382856603170200943', 'CH1010')]
2023-07-25 15:19:12,375 - INFO - Have tred in C:\Users\ASUS\PycharmProjects\viz\argorithm/../assets/graph0/CH3310 [('1054417464242583750', 'CH1010')]
2023-07-25 15:19:12,390 - INFO - Have tred in C:\Users\ASUS\PycharmProjects\viz\argorithm/../assets/graph0/CH3311 [('5379706092494931460', 'CH1010'), ('6983306887721092368', 'CH1010'), ('6983306887721092368', 'CH3121'), ('926831309908870195', 'MI1010'), ('6983306887721092368', 'CH3001'), ('926831309908870195', 'PH1010')]
2023-07-25 15:19:12,406 - INFO - Have tred in C:\Users\ASUS\PycharmProjects\viz\argorithm/../assets/graph0/CH3312 [('2598483868231218009', 'CH1010'), ('-7248331734305382615', 'CH1010')]
2023-07-25 15:19:12,420 - INFO - Have tred in C:\Users\ASUS\PycharmProjects\viz\argorithm/../assets/graph0/CH3313 [('464807512356096159', 'CH1010'), ('-9143783371280384797', 'CH3224'), ('-9143783371280384797', 'CH1010'), ('-9143783371280384797', 'CH3003')]
2023-07-25 15:19:12,503 - INFO - Have tred in C:\Users\ASUS\PycharmProjects\viz\argorithm/../assets/graph0/CH3320 [('1054417464242583750', 'CH1010')]
2023-07-25 15:19:12,516 - INFO - Have tred in C:\Users\ASUS\PycharmProjects\viz\argorithm/../assets/graph0/CH3321 [('-9037741914165910517', 'CH3020'), ('-6660501686853562886', 'CH3010'), ('-6660501686853562886', 'PH1010'), ('-9037741914165910517', 'CH3030'), ('1054417464242583750', 'CH1010'), ('-9037741914165910517', 'CH3310'), ('897036371705134630', 'PH1020'), ('897036371705134630', 'MI1040'), ('-9037741914165910517', 'PH1020'), ('-6660501686853562886', 'CH3310'), ('-6660501686853562886', 'PH1020'), ('-9037741914165910517', 'CH3000'), ('-6660501686853562886', 'CH3000'), ('-9037741914165910517', 'CH3300'), ('-9037741914165910517', 'CH3200'), ('-9037741914165910517', 'PH1010'), ('-6660501686853562886', 'CH3300'), ('897036371705134630', 'CH1010'), ('-9037741914165910517', 'CH3010'), ('-9037741914165910517', 'CH3210'), ('-6660501686853562886', 'CH3100'), ('-9037741914165910517', 'CH1010'), ('-6660501686853562886', 'CH3200')]
2023-07-25 15:19:12,529 - INFO - Have tred in C:\Users\ASUS\PycharmProjects\viz\argorithm/../assets/graph0/CH3322 [('6865935449953762739', 'CH3331')]
2023-07-25 15:19:12,629 - INFO - Have tred in C:\Users\ASUS\PycharmProjects\viz\argorithm/../assets/graph0/CH3341 [('6865935449953762739', 'CH3331')]
2023-07-25 15:19:12,670 - INFO - Have tred in C:\Users\ASUS\PycharmProjects\viz\argorithm/../assets/graph0/CH3402 [('-538651637608145876', 'ME2015')]
2023-07-25 15:19:12,769 - INFO - Have tred in C:\Users\ASUS\PycharmProjects\viz\argorithm/../assets/graph0/CH3431 [('-538651637608145876', 'ME2015')]
2023-07-25 15:19:12,783 - INFO - Have tred in C:\Users\ASUS\PycharmProjects\viz\argorithm/../assets/graph0/CH3432 [('-538651637608145876', 'ME2015')]
2023-07-25 15:19:12,811 - INFO - Have tred in C:\Users\ASUS\PycharmProjects\viz\argorithm/../assets/graph0/CH3441 [('-538651637608145876', 'ME2015')]
2023-07-25 15:19:12,825 - INFO - Have tred in C:\Users\ASUS\PycharmProjects\viz\argorithm/../assets/graph0/CH3442 [('-538651637608145876', 'ME2015')]
2023-07-25 15:19:12,919 - INFO - Have tred in C:\Users\ASUS\PycharmProjects\viz\argorithm/../assets/graph0/CH3470 [('-6391253473699272723', 'CH3401')]
2023-07-25 15:19:13,216 - INFO - Have tred in C:\Users\ASUS\PycharmProjects\viz\argorithm/../assets/graph0/CH3800 [('-7667587634338613173', 'CH3051'), ('-7667587634338613173', 'CH3400'), ('-7667587634338613173', 'CH3412')]
2023-07-25 15:19:13,311 - INFO - Have tred in C:\Users\ASUS\PycharmProjects\viz\argorithm/../assets/graph0/CH3910 [('-538651637608145876', 'ME2015'), ('7430676763897309202', 'CH3402')]
2023-07-25 15:19:13,335 - INFO - Have tred in C:\Users\ASUS\PycharmProjects\viz\argorithm/../assets/graph0/CH3912 [('-538651637608145876', 'ME2015'), ('7430676763897309202', 'CH3402')]
2023-07-25 15:19:13,405 - INFO - Have tred in C:\Users\ASUS\PycharmProjects\viz\argorithm/../assets/graph0/CH4005 [('-6660501686853562886', 'CH3000'), ('-6660501686853562886', 'CH3010'), ('-6660501686853562886', 'PH1010'), ('-6660501686853562886', 'CH3310'), ('-6660501686853562886', 'CH3300'), ('897036371705134630', 'CH1010'), ('-6660501686853562886', 'PH1020'), ('1054417464242583750', 'CH1010'), ('-6660501686853562886', 'CH3100'), ('-6660501686853562886', 'CH3200'), ('897036371705134630', 'PH1020'), ('897036371705134630', 'MI1040')]
2023-07-25 15:19:13,618 - INFO - Have tred in C:\Users\ASUS\PycharmProjects\viz\argorithm/../assets/graph0/CH4026 [('3448161742053199838', '300422257218194780'), ('-538651637608145876', 'ME2015'), ('3448161742053199838', 'CH4030')]
2023-07-25 15:19:13,690 - INFO - Have tred in C:\Users\ASUS\PycharmProjects\viz\argorithm/../assets/graph0/CH4036 [('-538651637608145876', 'ME2015')]
2023-07-25 15:19:13,740 - INFO - Have tred in C:\Users\ASUS\PycharmProjects\viz\argorithm/../assets/graph0/CH4040 [('-538651637608145876', 'ME2015')]
2023-07-25 15:19:13,991 - INFO - Have tred in C:\Users\ASUS\PycharmProjects\viz\argorithm/../assets/graph0/CH4075 [('-771755323725185682', 'CH3000'), ('897036371705134630', 'PH1020'), ('897036371705134630', 'CH1010'), ('897036371705134630', 'MI1040')]
2023-07-25 15:19:14,005 - INFO - Have tred in C:\Users\ASUS\PycharmProjects\viz\argorithm/../assets/graph0/CH4076 [('2477923689505718805', 'CH4060'), ('2477923689505718805', 'CH4062')]
2023-07-25 15:19:14,017 - INFO - Have tred in C:\Users\ASUS\PycharmProjects\viz\argorithm/../assets/graph0/CH4077 [('-204068865648440770', 'CH4060'), ('-204068865648440770', 'CH4062')]
2023-07-25 15:19:14,317 - INFO - Have tred in C:\Users\ASUS\PycharmProjects\viz\argorithm/../assets/graph0/CH4120 [('897036371705134630', 'PH1020'), ('897036371705134630', 'CH1010'), ('897036371705134630', 'MI1040')]
2023-07-25 15:19:14,331 - INFO - Have tred in C:\Users\ASUS\PycharmProjects\viz\argorithm/../assets/graph0/CH4121 [('3722444564636125687', 'CH4124'), ('897036371705134630', 'PH1020'), ('897036371705134630', 'CH1010'), ('897036371705134630', 'MI1040')]
2023-07-25 15:19:14,344 - INFO - Have tred in C:\Users\ASUS\PycharmProjects\viz\argorithm/../assets/graph0/CH4122 [('3722444564636125687', 'CH4124'), ('897036371705134630', 'PH1020'), ('897036371705134630', 'CH1010'), ('897036371705134630', 'MI1040')]
2023-07-25 15:19:14,358 - INFO - Have tred in C:\Users\ASUS\PycharmProjects\viz\argorithm/../assets/graph0/CH4123 [('3722444564636125687', 'CH4124'), ('897036371705134630', 'PH1020'), ('897036371705134630', 'CH1010'), ('897036371705134630', 'MI1040')]
2023-07-25 15:19:14,385 - INFO - Have tred in C:\Users\ASUS\PycharmProjects\viz\argorithm/../assets/graph0/CH4125 [('897036371705134630', 'PH1020'), ('897036371705134630', 'CH1010'), ('897036371705134630', 'MI1040')]
2023-07-25 15:19:14,399 - INFO - Have tred in C:\Users\ASUS\PycharmProjects\viz\argorithm/../assets/graph0/CH4126 [('897036371705134630', 'PH1020'), ('897036371705134630', 'CH1010'), ('897036371705134630', 'MI1040')]
2023-07-25 15:19:14,414 - INFO - Have tred in C:\Users\ASUS\PycharmProjects\viz\argorithm/../assets/graph0/CH4127 [('897036371705134630', 'PH1020'), ('897036371705134630', 'CH1010'), ('897036371705134630', 'MI1040')]
2023-07-25 15:19:14,442 - INFO - Have tred in C:\Users\ASUS\PycharmProjects\viz\argorithm/../assets/graph0/CH4129 [('-4607286454319393320', 'CH4128'), ('897036371705134630', 'PH1020'), ('897036371705134630', 'CH1010'), ('897036371705134630', 'MI1040')]
2023-07-25 15:19:14,455 - INFO - Have tred in C:\Users\ASUS\PycharmProjects\viz\argorithm/../assets/graph0/CH4130 [('897036371705134630', 'PH1020'), ('897036371705134630', 'CH1010'), ('897036371705134630', 'MI1040')]
2023-07-25 15:19:14,483 - INFO - Have tred in C:\Users\ASUS\PycharmProjects\viz\argorithm/../assets/graph0/CH4132 [('897036371705134630', 'PH1020'), ('897036371705134630', 'CH1010'), ('897036371705134630', 'MI1040')]
2023-07-25 15:19:14,497 - INFO - Have tred in C:\Users\ASUS\PycharmProjects\viz\argorithm/../assets/graph0/CH4134 [('897036371705134630', 'PH1020'), ('897036371705134630', 'CH1010'), ('897036371705134630', 'MI1040')]
2023-07-25 15:19:14,520 - INFO - Have tred in C:\Users\ASUS\PycharmProjects\viz\argorithm/../assets/graph0/CH4138 [('6092154356062326174', 'CH4120'), ('897036371705134630', 'CH1010'), ('3722444564636125687', 'CH4124'), ('897036371705134630', 'PH1020'), ('897036371705134630', 'MI1040')]
2023-07-25 15:19:15,237 - INFO - Have tred in C:\Users\ASUS\PycharmProjects\viz\argorithm/../assets/graph0/CH4247 [('3556328961541498812', 'CH3400')]
2023-07-25 15:19:15,296 - INFO - Have tred in C:\Users\ASUS\PycharmProjects\viz\argorithm/../assets/graph0/CH4252 [('4972247222056494874', 'CH3000'), ('897036371705134630', 'PH1020'), ('897036371705134630', 'CH1010'), ('897036371705134630', 'MI1040')]
2023-07-25 15:19:15,331 - INFO - Have tred in C:\Users\ASUS\PycharmProjects\viz\argorithm/../assets/graph0/CH4255 [('-4369896189287841373', 'CH3400'), ('-4369896189287841373', 'CH3410')]
2023-07-25 15:19:15,384 - INFO - Have tred in C:\Users\ASUS\PycharmProjects\viz\argorithm/../assets/graph0/CH4260 [('-1171355597666902059', 'CH3000'), ('897036371705134630', 'PH1020'), ('897036371705134630', 'CH1010'), ('897036371705134630', 'MI1040')]
2023-07-25 15:19:15,533 - INFO - Have tred in C:\Users\ASUS\PycharmProjects\viz\argorithm/../assets/graph0/CH4300 [('-771755323725185682', 'CH3000'), ('897036371705134630', 'PH1020'), ('897036371705134630', 'CH1010'), ('897036371705134630', 'MI1040')]
2023-07-25 15:19:15,548 - INFO - Have tred in C:\Users\ASUS\PycharmProjects\viz\argorithm/../assets/graph0/CH4301 [('-7127736792632079952', 'MI1010'), ('-7127736792632079952', 'CH3000'), ('897036371705134630', 'CH1010'), ('897036371705134630', 'PH1020'), ('897036371705134630', 'MI1040')]
2023-07-25 15:19:15,563 - INFO - Have tred in C:\Users\ASUS\PycharmProjects\viz\argorithm/../assets/graph0/CH4302 [('897036371705134630', 'PH1020'), ('897036371705134630', 'CH1010'), ('897036371705134630', 'MI1040')]
2023-07-25 15:19:15,577 - INFO - Have tred in C:\Users\ASUS\PycharmProjects\viz\argorithm/../assets/graph0/CH4303 [('-771755323725185682', 'CH3000'), ('897036371705134630', 'PH1020'), ('897036371705134630', 'CH1010'), ('897036371705134630', 'MI1040')]
2023-07-25 15:19:15,590 - INFO - Have tred in C:\Users\ASUS\PycharmProjects\viz\argorithm/../assets/graph0/CH4304 [('-771755323725185682', 'CH3000'), ('897036371705134630', 'PH1020'), ('897036371705134630', 'CH1010'), ('897036371705134630', 'MI1040')]
2023-07-25 15:19:15,604 - INFO - Have tred in C:\Users\ASUS\PycharmProjects\viz\argorithm/../assets/graph0/CH4305 [('-771755323725185682', 'CH3000'), ('897036371705134630', 'PH1020'), ('897036371705134630', 'CH1010'), ('897036371705134630', 'MI1040')]
2023-07-25 15:19:15,617 - INFO - Have tred in C:\Users\ASUS\PycharmProjects\viz\argorithm/../assets/graph0/CH4306 [('-771755323725185682', 'CH3000'), ('897036371705134630', 'PH1020'), ('897036371705134630', 'CH1010'), ('897036371705134630', 'MI1040')]
2023-07-25 15:19:15,640 - INFO - Have tred in C:\Users\ASUS\PycharmProjects\viz\argorithm/../assets/graph0/CH4308 [('-771755323725185682', 'CH3000'), ('897036371705134630', 'PH1020'), ('897036371705134630', 'CH1010'), ('897036371705134630', 'MI1040')]
2023-07-25 15:19:15,653 - INFO - Have tred in C:\Users\ASUS\PycharmProjects\viz\argorithm/../assets/graph0/CH4309 [('897036371705134630', 'PH1020'), ('897036371705134630', 'CH1010'), ('897036371705134630', 'MI1040')]
2023-07-25 15:19:15,679 - INFO - Have tred in C:\Users\ASUS\PycharmProjects\viz\argorithm/../assets/graph0/CH4311 [('-771755323725185682', 'CH3000'), ('897036371705134630', 'CH1010'), ('-2224516581523302306', 'CH3030'), ('897036371705134630', 'PH1020'), ('897036371705134630', 'MI1040')]
2023-07-25 15:19:15,729 - INFO - Have tred in C:\Users\ASUS\PycharmProjects\viz\argorithm/../assets/graph0/CH4316 [('897036371705134630', 'PH1020'), ('897036371705134630', 'CH1010'), ('897036371705134630', 'MI1040')]
2023-07-25 15:19:15,879 - INFO - Have tred in C:\Users\ASUS\PycharmProjects\viz\argorithm/../assets/graph0/CH4361 [('2996977265869685971', 'CH3400')]
2023-07-25 15:19:15,953 - INFO - Have tred in C:\Users\ASUS\PycharmProjects\viz\argorithm/../assets/graph0/CH4367 [('2996977265869685971', 'CH3400')]
2023-07-25 15:19:15,967 - INFO - Have tred in C:\Users\ASUS\PycharmProjects\viz\argorithm/../assets/graph0/CH4368 [('2996977265869685971', 'CH3400')]
2023-07-25 15:19:15,980 - INFO - Have tred in C:\Users\ASUS\PycharmProjects\viz\argorithm/../assets/graph0/CH4369 [('2996977265869685971', 'CH3400')]
2023-07-25 15:19:15,993 - INFO - Have tred in C:\Users\ASUS\PycharmProjects\viz\argorithm/../assets/graph0/CH4370 [('2996977265869685971', 'CH3400')]
2023-07-25 15:19:16,005 - INFO - Have tred in C:\Users\ASUS\PycharmProjects\viz\argorithm/../assets/graph0/CH4372 [('2996977265869685971', 'CH3400')]
2023-07-25 15:19:16,028 - INFO - Have tred in C:\Users\ASUS\PycharmProjects\viz\argorithm/../assets/graph0/CH4376 [('-7955136457716109100', 'MI1010'), ('897036371705134630', 'PH1020'), ('897036371705134630', 'CH1010'), ('897036371705134630', 'MI1040')]
2023-07-25 15:19:16,050 - INFO - Have tred in C:\Users\ASUS\PycharmProjects\viz\argorithm/../assets/graph0/CH4380 [('2996977265869685971', 'CH3400')]
2023-07-25 15:19:16,623 - INFO - Have tred in C:\Users\ASUS\PycharmProjects\viz\argorithm/../assets/graph0/CH4488 [('6229378345645783024', 'CH3200'), ('6229378345645783024', 'CH3210')]
2023-07-25 15:19:16,956 - INFO - Have tred in C:\Users\ASUS\PycharmProjects\viz\argorithm/../assets/graph0/CH4600 [('8068022026216997495', 'ME2140')]
2023-07-25 15:19:17,003 - INFO - Have tred in C:\Users\ASUS\PycharmProjects\viz\argorithm/../assets/graph0/CH4606 [('8068022026216997495', 'ME2140'), ('7095912010419121556', 'ME3040')]
2023-07-25 15:19:17,018 - INFO - Have tred in C:\Users\ASUS\PycharmProjects\viz\argorithm/../assets/graph0/CH4608 [('-3702402717982353269', 'ME3040')]
2023-07-25 15:19:17,055 - INFO - Have tred in C:\Users\ASUS\PycharmProjects\viz\argorithm/../assets/graph0/CH4613 [('926831309908870195', 'MI1010'), ('926831309908870195', 'PH1010')]
2023-07-25 15:19:17,124 - INFO - Have tred in C:\Users\ASUS\PycharmProjects\viz\argorithm/../assets/graph0/CH4619 [('8068022026216997495', 'ME2140')]
2023-07-25 15:19:17,190 - INFO - Have tred in C:\Users\ASUS\PycharmProjects\viz\argorithm/../assets/graph0/CH4625 [('8068022026216997495', 'ME2140')]
2023-07-25 15:19:17,557 - INFO - Have tred in C:\Users\ASUS\PycharmProjects\viz\argorithm/../assets/graph0/CH4688 [('-3050399505283753485', 'CH4666'), ('-3050399505283753485', 'CH4668')]
2023-07-25 15:19:17,581 - INFO - Have tred in C:\Users\ASUS\PycharmProjects\viz\argorithm/../assets/graph0/CH4692 [('9108120719235330816', 'CH3631'), ('4196803631912972048', 'CH3600')]
2023-07-25 15:19:17,782 - INFO - Have tred in C:\Users\ASUS\PycharmProjects\viz\argorithm/../assets/graph0/CH4726 [('9108120719235330816', 'CH3631')]
2023-07-25 15:19:18,012 - INFO - Have tred in C:\Users\ASUS\PycharmProjects\viz\argorithm/../assets/graph0/CH4828 [('-1353650006032063269', 'CH3228')]
2023-07-25 15:19:18,034 - INFO - Have tred in C:\Users\ASUS\PycharmProjects\viz\argorithm/../assets/graph0/CH4830 [('-1353650006032063269', 'CH3228')]
2023-07-25 15:19:18,236 - INFO - Have tred in C:\Users\ASUS\PycharmProjects\viz\argorithm/../assets/graph0/CH4875 [('6926213100332866713', 'CH3331'), ('6926213100332866713', 'CH3340'), ('6865935449953762739', 'CH3331')]
2023-07-25 15:19:18,284 - INFO - Have tred in C:\Users\ASUS\PycharmProjects\viz\argorithm/../assets/graph0/CH4879 [('6926213100332866713', 'CH3331'), ('6926213100332866713', 'CH3340'), ('6865935449953762739', 'CH3331')]
2023-07-25 15:19:18,297 - INFO - Have tred in C:\Users\ASUS\PycharmProjects\viz\argorithm/../assets/graph0/CH4880 [('6926213100332866713', 'CH3331'), ('6926213100332866713', 'CH3340'), ('6865935449953762739', 'CH3331')]
2023-07-25 15:19:18,310 - INFO - Have tred in C:\Users\ASUS\PycharmProjects\viz\argorithm/../assets/graph0/CH4881 [('4043426351600416271', 'CH3331'), ('6865935449953762739', 'CH3331')]
2023-07-25 15:19:18,392 - INFO - Have tred in C:\Users\ASUS\PycharmProjects\viz\argorithm/../assets/graph0/CH4902 [('9108120719235330816', 'CH3631'), ('4196803631912972048', 'CH3600')]
2023-07-25 15:19:18,791 - INFO - Have tred in C:\Users\ASUS\PycharmProjects\viz\argorithm/../assets/graph0/CH5204 [('-538651637608145876', 'ME2015')]
2023-07-25 15:19:18,818 - INFO - Have tred in C:\Users\ASUS\PycharmProjects\viz\argorithm/../assets/graph0/CH5206 [('3448161742053199838', 'CH4030'), ('-3668174184592930948', 'CH4038'), ('3448161742053199838', '300422257218194780'), ('-538651637608145876', 'ME2015'), ('-3668174184592930948', 'CH4036')]
2023-07-25 15:19:20,469 - INFO - Have tred in C:\Users\ASUS\PycharmProjects\viz\argorithm/../assets/graph0/CH5700 [('9108120719235330816', 'CH3631')]
2023-07-25 15:19:21,188 - INFO - Have tred in C:\Users\ASUS\PycharmProjects\viz\argorithm/../assets/graph0/ED3040 [('892827998188742345', 'ED3010')]
2023-07-25 15:19:21,202 - INFO - Have tred in C:\Users\ASUS\PycharmProjects\viz\argorithm/../assets/graph0/ED3050 [('8111925236729935153', 'ED3010'), ('8111925236729935153', 'ED3020'), ('892827998188742345', 'ED3010')]
2023-07-25 15:19:21,246 - INFO - Have tred in C:\Users\ASUS\PycharmProjects\viz\argorithm/../assets/graph0/ED3090 [('355701292292174266', 'SSH1010')]
2023-07-25 15:19:21,662 - INFO - Have tred in C:\Users\ASUS\PycharmProjects\viz\argorithm/../assets/graph0/ED4010 [('8111925236729935153', 'ED3020'), ('-7707609420856388928', 'EE3141'), ('-7707609420856388928', 'EE3142'), ('8111925236729935153', 'ED3010'), ('892827998188742345', 'ED3010')]
2023-07-25 15:19:21,676 - INFO - Have tred in C:\Users\ASUS\PycharmProjects\viz\argorithm/../assets/graph0/ED4020 [('8111925236729935153', 'ED3010'), ('8111925236729935153', 'ED3020'), ('892827998188742345', 'ED3010')]
2023-07-25 15:19:21,689 - INFO - Have tred in C:\Users\ASUS\PycharmProjects\viz\argorithm/../assets/graph0/ED4030 [('8111925236729935153', 'ED3010'), ('8111925236729935153', 'ED3020'), ('892827998188742345', 'ED3010')]
2023-07-25 15:19:21,703 - INFO - Have tred in C:\Users\ASUS\PycharmProjects\viz\argorithm/../assets/graph0/ED4040 [('8111925236729935153', 'ED3010'), ('8111925236729935153', 'ED3020'), ('892827998188742345', 'ED3010')]
2023-07-25 15:19:24,139 - INFO - Have tred in C:\Users\ASUS\PycharmProjects\viz\argorithm/../assets/graph0/EE3510 [('-7707609420856388928', 'EE3142'), ('-7707609420856388928', 'EE3141')]
2023-07-25 15:19:24,636 - INFO - Have tred in C:\Users\ASUS\PycharmProjects\viz\argorithm/../assets/graph0/EE3810 [('-7592057937926561179', 'EE2021')]
2023-07-25 15:19:24,661 - INFO - Have tred in C:\Users\ASUS\PycharmProjects\viz\argorithm/../assets/graph0/EE3811 [('-4556239847988368754', 'EE2111')]
2023-07-25 15:19:24,743 - INFO - Have tred in C:\Users\ASUS\PycharmProjects\viz\argorithm/../assets/graph0/EE3910 [('-7592057937926561179', 'EE2021')]
2023-07-25 15:19:24,802 - INFO - Have tred in C:\Users\ASUS\PycharmProjects\viz\argorithm/../assets/graph0/EE4018 [('7142271232952668066', 'EE4010'), ('-307459519944719738', 'EE4010')]
2023-07-25 15:19:24,932 - INFO - Have tred in C:\Users\ASUS\PycharmProjects\viz\argorithm/../assets/graph0/EE4041 [('-307459519944719738', 'EE4010')]
2023-07-25 15:19:24,948 - INFO - Have tred in C:\Users\ASUS\PycharmProjects\viz\argorithm/../assets/graph0/EE4042 [('-307459519944719738', 'EE4010')]
2023-07-25 15:19:25,015 - INFO - Have tred in C:\Users\ASUS\PycharmProjects\viz\argorithm/../assets/graph0/EE4060 [('5650238217233334870', 'EE4010')]
2023-07-25 15:19:25,041 - INFO - Have tred in C:\Users\ASUS\PycharmProjects\viz\argorithm/../assets/graph0/EE4062 [('7142271232952668066', 'EE4010')]
2023-07-25 15:19:25,057 - INFO - Have tred in C:\Users\ASUS\PycharmProjects\viz\argorithm/../assets/graph0/EE4064 [('-7592057937926561179', 'EE2021')]
2023-07-25 15:19:25,072 - INFO - Have tred in C:\Users\ASUS\PycharmProjects\viz\argorithm/../assets/graph0/EE4070 [('142353374816397780', 'EE3410'), ('-7707609420856388928', 'EE3142'), ('-7707609420856388928', 'EE3141'), ('142353374816397780', 'EE3140')]
2023-07-25 15:19:25,658 - INFO - Have tred in C:\Users\ASUS\PycharmProjects\viz\argorithm/../assets/graph0/EE4207 [('-7707609420856388928', 'EE3142'), ('-7707609420856388928', 'EE3141')]
2023-07-25 15:19:25,688 - INFO - Have tred in C:\Users\ASUS\PycharmProjects\viz\argorithm/../assets/graph0/EE4209 [('-7707609420856388928', 'EE3142'), ('-7707609420856388928', 'EE3141')]
2023-07-25 15:19:25,702 - INFO - Have tred in C:\Users\ASUS\PycharmProjects\viz\argorithm/../assets/graph0/EE4210 [('-7707609420856388928', 'EE3142'), ('-7707609420856388928', 'EE3141')]
2023-07-25 15:19:25,769 - INFO - Have tred in C:\Users\ASUS\PycharmProjects\viz\argorithm/../assets/graph0/EE4215 [('-1720651182436196888', '8859733458748068941')]
2023-07-25 15:19:26,024 - INFO - Have tred in C:\Users\ASUS\PycharmProjects\viz\argorithm/../assets/graph0/EE4240 [('-7707609420856388928', 'EE3142'), ('-7707609420856388928', 'EE3141'), ('-8991014516192941831', 'EE3410')]
2023-07-25 15:19:26,361 - INFO - Have tred in C:\Users\ASUS\PycharmProjects\viz\argorithm/../assets/graph0/EE4304 [('-7707609420856388928', 'EE3142'), ('-7707609420856388928', 'EE3141')]
2023-07-25 15:19:26,374 - INFO - Have tred in C:\Users\ASUS\PycharmProjects\viz\argorithm/../assets/graph0/EE4305 [('-7707609420856388928', 'EE3142'), ('-7707609420856388928', 'EE3141')]
2023-07-25 15:19:26,388 - INFO - Have tred in C:\Users\ASUS\PycharmProjects\viz\argorithm/../assets/graph0/EE4306 [('-7707609420856388928', 'EE3142'), ('-7707609420856388928', 'EE3141')]
2023-07-25 15:19:26,401 - INFO - Have tred in C:\Users\ASUS\PycharmProjects\viz\argorithm/../assets/graph0/EE4307 [('-7707609420856388928', 'EE3142'), ('-7707609420856388928', 'EE3141')]
2023-07-25 15:19:26,415 - INFO - Have tred in C:\Users\ASUS\PycharmProjects\viz\argorithm/../assets/graph0/EE4308 [('-7707609420856388928', 'EE3142'), ('-7707609420856388928', 'EE3141')]
2023-07-25 15:19:26,431 - INFO - Have tred in C:\Users\ASUS\PycharmProjects\viz\argorithm/../assets/graph0/EE4309 [('-7707609420856388928', 'EE3142'), ('-7707609420856388928', 'EE3141')]
2023-07-25 15:19:26,447 - INFO - Have tred in C:\Users\ASUS\PycharmProjects\viz\argorithm/../assets/graph0/EE4310 [('-7707609420856388928', 'EE3142'), ('-7707609420856388928', 'EE3141')]
2023-07-25 15:19:26,463 - INFO - Have tred in C:\Users\ASUS\PycharmProjects\viz\argorithm/../assets/graph0/EE4311 [('-7707609420856388928', 'EE3142'), ('-7707609420856388928', 'EE3141')]
2023-07-25 15:19:26,479 - INFO - Have tred in C:\Users\ASUS\PycharmProjects\viz\argorithm/../assets/graph0/EE4312 [('-7707609420856388928', 'EE3142'), ('-7707609420856388928', 'EE3141')]
2023-07-25 15:19:26,497 - INFO - Have tred in C:\Users\ASUS\PycharmProjects\viz\argorithm/../assets/graph0/EE4313 [('-7707609420856388928', 'EE3142'), ('-7707609420856388928', 'EE3141')]
2023-07-25 15:19:26,560 - INFO - Have tred in C:\Users\ASUS\PycharmProjects\viz\argorithm/../assets/graph0/EE4317 [('-7707609420856388928', 'EE3142'), ('-7707609420856388928', 'EE3141')]
2023-07-25 15:19:26,577 - INFO - Have tred in C:\Users\ASUS\PycharmProjects\viz\argorithm/../assets/graph0/EE4318 [('-7707609420856388928', 'EE3142'), ('-7707609420856388928', 'EE3141')]
2023-07-25 15:19:26,645 - INFO - Have tred in C:\Users\ASUS\PycharmProjects\viz\argorithm/../assets/graph0/EE4322 [('-7707609420856388928', 'EE3142'), ('-7707609420856388928', 'EE3141')]
2023-07-25 15:19:26,677 - INFO - Have tred in C:\Users\ASUS\PycharmProjects\viz\argorithm/../assets/graph0/EE4324 [('-7707609420856388928', 'EE3142'), ('-7707609420856388928', 'EE3141'), ('766934536323167710', 'EE4306')]
2023-07-25 15:19:26,694 - INFO - Have tred in C:\Users\ASUS\PycharmProjects\viz\argorithm/../assets/graph0/EE4325 [('-7707609420856388928', 'EE3142'), ('-7707609420856388928', 'EE3141')]
2023-07-25 15:19:26,781 - INFO - Have tred in C:\Users\ASUS\PycharmProjects\viz\argorithm/../assets/graph0/EE4332 [('-7707609420856388928', 'EE3142'), ('-7707609420856388928', 'EE3141')]
2023-07-25 15:19:26,890 - INFO - Have tred in C:\Users\ASUS\PycharmProjects\viz\argorithm/../assets/graph0/EE4347 [('-7707609420856388928', 'EE3142'), ('-7707609420856388928', 'EE3141')]
2023-07-25 15:19:26,951 - INFO - Have tred in C:\Users\ASUS\PycharmProjects\viz\argorithm/../assets/graph0/EE4361 [('-7707609420856388928', 'EE3142'), ('-7707609420856388928', 'EE3141')]
2023-07-25 15:19:26,966 - INFO - Have tred in C:\Users\ASUS\PycharmProjects\viz\argorithm/../assets/graph0/EE4362 [('-7707609420856388928', 'EE3142'), ('-7707609420856388928', 'EE3141')]
2023-07-25 15:19:27,011 - INFO - Have tred in C:\Users\ASUS\PycharmProjects\viz\argorithm/../assets/graph0/EE4379 [('4749860766983890730', 'CH1010')]
2023-07-25 15:19:27,054 - INFO - Have tred in C:\Users\ASUS\PycharmProjects\viz\argorithm/../assets/graph0/EE4401 [('8873927348759537220', 'EE2110'), ('8873927348759537220', 'EE2130')]
2023-07-25 15:19:27,171 - INFO - Have tred in C:\Users\ASUS\PycharmProjects\viz\argorithm/../assets/graph0/EE4409 [('6686813316409483561', 'EE3292')]
2023-07-25 15:19:27,272 - INFO - Have tred in C:\Users\ASUS\PycharmProjects\viz\argorithm/../assets/graph0/EE4417 [('-6145341739126570605', 'EE3052')]
2023-07-25 15:19:27,321 - INFO - Have tred in C:\Users\ASUS\PycharmProjects\viz\argorithm/../assets/graph0/EE4421 [('-7707609420856388928', 'EE3142'), ('-7707609420856388928', 'EE3141')]
2023-07-25 15:19:27,783 - INFO - Have tred in C:\Users\ASUS\PycharmProjects\viz\argorithm/../assets/graph0/EE4505 [('-6145341739126570605', 'EE3052')]
2023-07-25 15:19:27,795 - INFO - Have tred in C:\Users\ASUS\PycharmProjects\viz\argorithm/../assets/graph0/EE4506 [('-6145341739126570605', 'EE3052')]
2023-07-25 15:19:27,907 - INFO - Have tred in C:\Users\ASUS\PycharmProjects\viz\argorithm/../assets/graph0/EE4515 [('3129271463808863467', 'EE3480')]
2023-07-25 15:19:27,948 - INFO - Have tred in C:\Users\ASUS\PycharmProjects\viz\argorithm/../assets/graph0/EE4518 [('-6145341739126570605', 'EE3052')]
2023-07-25 15:19:27,974 - INFO - Have tred in C:\Users\ASUS\PycharmProjects\viz\argorithm/../assets/graph0/EE4520 [('-6145341739126570605', 'EE3052'), ('-7806511780026218425', 'EE4504')]
2023-07-25 15:19:27,999 - INFO - Have tred in C:\Users\ASUS\PycharmProjects\viz\argorithm/../assets/graph0/EE4522 [('-6145341739126570605', 'EE3052'), ('1691253858039796727', 'EE4504'), ('1691253858039796727', 'EE3062')]
2023-07-25 15:19:28,030 - INFO - Have tred in C:\Users\ASUS\PycharmProjects\viz\argorithm/../assets/graph0/EE4524 [('-6145341739126570605', 'EE3052')]
2023-07-25 15:19:28,072 - INFO - Have tred in C:\Users\ASUS\PycharmProjects\viz\argorithm/../assets/graph0/EE4527 [('3129271463808863467', 'EE3480')]
2023-07-25 15:19:28,086 - INFO - Have tred in C:\Users\ASUS\PycharmProjects\viz\argorithm/../assets/graph0/EE4528 [('-6145341739126570605', 'EE3052')]
2023-07-25 15:19:28,534 - INFO - Have tred in C:\Users\ASUS\PycharmProjects\viz\argorithm/../assets/graph0/EE4829 [('5571848536033330083', '-2374099897453915231'), ('5571848536033330083', '-2706861419013431005')]
2023-07-25 15:19:28,663 - INFO - Have tred in C:\Users\ASUS\PycharmProjects\viz\argorithm/../assets/graph0/EE5001 [('-7592057937926561179', 'EE2021')]
2023-07-25 15:19:28,724 - INFO - Have tred in C:\Users\ASUS\PycharmProjects\viz\argorithm/../assets/graph0/EE5012 [('701598260776683415', 'EE3141')]
2023-07-25 15:19:28,740 - INFO - Have tred in C:\Users\ASUS\PycharmProjects\viz\argorithm/../assets/graph0/EE5013 [('-7707609420856388928', 'EE3142'), ('-7707609420856388928', 'EE3141'), ('7421032866435800363', 'EE3410')]
2023-07-25 15:19:28,782 - INFO - Have tred in C:\Users\ASUS\PycharmProjects\viz\argorithm/../assets/graph0/EE5020 [('-7592057937926561179', 'EE2021')]
2023-07-25 15:19:28,946 - INFO - Have tred in C:\Users\ASUS\PycharmProjects\viz\argorithm/../assets/graph0/EE5100 [('-7592057937926561179', 'EE2021')]
2023-07-25 15:19:28,974 - INFO - Have tred in C:\Users\ASUS\PycharmProjects\viz\argorithm/../assets/graph0/EE5112 [('-7707609420856388928', 'EE3142'), ('-7707609420856388928', 'EE3141'), ('701598260776683415', 'EE3141')]
2023-07-25 15:19:28,988 - INFO - Have tred in C:\Users\ASUS\PycharmProjects\viz\argorithm/../assets/graph0/EE5113 [('-7707609420856388928', 'EE3142'), ('-7707609420856388928', 'EE3141'), ('7421032866435800363', 'EE3410')]
2023-07-25 15:19:29,102 - INFO - Have tred in C:\Users\ASUS\PycharmProjects\viz\argorithm/../assets/graph0/EE5200 [('-7592057937926561179', 'EE2021')]
2023-07-25 15:19:29,147 - INFO - Have tred in C:\Users\ASUS\PycharmProjects\viz\argorithm/../assets/graph0/EE5232 [('7142271232952668066', 'EE4010'), ('-364171929736698847', 'EE4010'), ('-307459519944719738', 'EE4010')]
2023-07-25 15:19:29,778 - INFO - Have tred in C:\Users\ASUS\PycharmProjects\viz\argorithm/../assets/graph0/EM2730 [('2549865423726459996', 'EM3500')]
2023-07-25 15:19:30,594 - INFO - Have tred in C:\Users\ASUS\PycharmProjects\viz\argorithm/../assets/graph0/EM3310 [('-8210663699142143080', 'MI2020')]
2023-07-25 15:19:31,127 - INFO - Have tred in C:\Users\ASUS\PycharmProjects\viz\argorithm/../assets/graph0/EM4001E [('EM4001E', 'EM4302E')]
2023-07-25 15:19:31,187 - INFO - Have tred in C:\Users\ASUS\PycharmProjects\viz\argorithm/../assets/graph0/EM4027 [('2549865423726459996', 'EM3500'), ('3630679104581044053', 'EM3500'), ('-2487089657020825311', 'EM3500')]
2023-07-25 15:19:31,237 - INFO - Have tred in C:\Users\ASUS\PycharmProjects\viz\argorithm/../assets/graph0/EM4033E [('EM4001E', 'EM4033E')]
2023-07-25 15:19:31,249 - INFO - Have tred in C:\Users\ASUS\PycharmProjects\viz\argorithm/../assets/graph0/EM4035 [('7076753876412188179', 'EM3500')]
2023-07-25 15:19:31,661 - INFO - Have tred in C:\Users\ASUS\PycharmProjects\viz\argorithm/../assets/graph0/EM4302E [('EM4001E', 'EM4302E')]
2023-07-25 15:19:33,425 - INFO - Have tred in C:\Users\ASUS\PycharmProjects\viz\argorithm/../assets/graph0/EM4454E [('EM4456E', 'EM4454E')]
2023-07-25 15:19:33,451 - INFO - Have tred in C:\Users\ASUS\PycharmProjects\viz\argorithm/../assets/graph0/EM4455E [('EM4456E', 'EM4455E')]
2023-07-25 15:19:33,476 - INFO - Have tred in C:\Users\ASUS\PycharmProjects\viz\argorithm/../assets/graph0/EM4456E [('EM4456E', 'EM4455E')]
2023-07-25 15:19:33,899 - INFO - Have tred in C:\Users\ASUS\PycharmProjects\viz\argorithm/../assets/graph0/EM4535 [('-4048856941700277947', 'EM3500'), ('7076753876412188179', 'EM3500')]
2023-07-25 15:19:33,922 - INFO - Have tred in C:\Users\ASUS\PycharmProjects\viz\argorithm/../assets/graph0/EM4536 [('2549865423726459996', 'EM3500'), ('-2487089657020825311', 'EM3500')]
2023-07-25 15:19:33,976 - INFO - Have tred in C:\Users\ASUS\PycharmProjects\viz\argorithm/../assets/graph0/EM4541 [('-6120612780603963512', 'EM3510')]
2023-07-25 15:19:34,339 - INFO - Have tred in C:\Users\ASUS\PycharmProjects\viz\argorithm/../assets/graph0/EM4710 [('2549865423726459996', 'EM3500'), ('-2487089657020825311', 'EM3500')]
2023-07-25 15:19:34,387 - INFO - Have tred in C:\Users\ASUS\PycharmProjects\viz\argorithm/../assets/graph0/EM4715 [('-2487089657020825311', 'EM3500')]
2023-07-25 15:19:34,443 - INFO - Have tred in C:\Users\ASUS\PycharmProjects\viz\argorithm/../assets/graph0/EM4717 [('3073019921951053047', 'EM3500'), ('3630679104581044053', 'EM3500'), ('7627436725466631639', 'EM3500'), ('-2482344788521671298', 'EM3500'), ('-2487089657020825311', 'EM3500'), ('7627436725466631639', 'EM4713'), ('-5442856339434495122', 'EM3500'), ('2549865423726459996', 'EM3500')]
2023-07-25 15:19:34,456 - INFO - Have tred in C:\Users\ASUS\PycharmProjects\viz\argorithm/../assets/graph0/EM4718 [('2549865423726459996', 'EM3500'), ('-2487089657020825311', 'EM3500')]
2023-07-25 15:19:34,519 - INFO - Have tred in C:\Users\ASUS\PycharmProjects\viz\argorithm/../assets/graph0/EM4725 [('-5442856339434495122', 'EM3500'), ('7627436725466631639', 'EM3500'), ('-2482344788521671298', 'EM3500'), ('7627436725466631639', 'EM4713')]
2023-07-25 15:19:34,543 - INFO - Have tred in C:\Users\ASUS\PycharmProjects\viz\argorithm/../assets/graph0/EM4726 [('7627436725466631639', 'EM3500'), ('-1725435861841747081', 'EM4713'), ('-1725435861841747081', 'EM4730'), ('-2482344788521671298', 'EM3500'), ('7627436725466631639', 'EM4713'), ('-5442856339434495122', 'EM3500')]
2023-07-25 15:19:34,557 - INFO - Have tred in C:\Users\ASUS\PycharmProjects\viz\argorithm/../assets/graph0/EM4727 [('3073019921951053047', 'EM3500'), ('3630679104581044053', 'EM3500'), ('7627436725466631639', 'EM3500'), ('-2482344788521671298', 'EM3500'), ('-2487089657020825311', 'EM3500'), ('7627436725466631639', 'EM4713'), ('-5442856339434495122', 'EM3500'), ('2549865423726459996', 'EM3500')]
2023-07-25 15:19:34,602 - INFO - Have tred in C:\Users\ASUS\PycharmProjects\viz\argorithm/../assets/graph0/EM4729 [('3073019921951053047', 'EM3500'), ('3630679104581044053', 'EM3500'), ('7627436725466631639', 'EM3500'), ('-2482344788521671298', 'EM3500'), ('-2487089657020825311', 'EM3500'), ('7627436725466631639', 'EM4713'), ('-5442856339434495122', 'EM3500'), ('2549865423726459996', 'EM3500')]
2023-07-25 15:19:34,615 - INFO - Have tred in C:\Users\ASUS\PycharmProjects\viz\argorithm/../assets/graph0/EM4730 [('-5442856339434495122', 'EM3500'), ('-2482344788521671298', 'EM3500')]
2023-07-25 15:19:34,650 - INFO - Have tred in C:\Users\ASUS\PycharmProjects\viz\argorithm/../assets/graph0/EM4734 [('2191829973117360230', 'EM3500'), ('223641397419787325', 'EM3500')]
2023-07-25 15:19:34,663 - INFO - Have tred in C:\Users\ASUS\PycharmProjects\viz\argorithm/../assets/graph0/EM4735 [('2549865423726459996', 'EM3500'), ('-2487089657020825311', 'EM3500')]
2023-07-25 15:19:35,194 - INFO - Have tred in C:\Users\ASUS\PycharmProjects\viz\argorithm/../assets/graph0/ET2040 [('ET3230', 'ET2040'), ('ET2050', 'ET3550'), ('ET3550', 'ET3230'), ('6773316857796131719', 'ET3030'), ('ET2040', 'ET3550'), ('1169308102875547823', 'ET3070')]
2023-07-25 15:19:35,266 - INFO - Have tred in C:\Users\ASUS\PycharmProjects\viz\argorithm/../assets/graph0/ET2050 [('ET2050', 'ET3550'), ('ET3550', 'ET3230'), ('6773316857796131719', 'ET3030'), ('ET2040', 'ET3550'), ('ET3230', 'ET2050'), ('1169308102875547823', 'ET3070')]
2023-07-25 15:19:35,727 - INFO - Have tred in C:\Users\ASUS\PycharmProjects\viz\argorithm/../assets/graph0/ET3064 [('7560069828667079921', 'ET3014')]
2023-07-25 15:19:36,144 - INFO - Have tred in C:\Users\ASUS\PycharmProjects\viz\argorithm/../assets/graph0/ET3220 [('-2873530304382041339', 'ET3070'), ('6773316857796131719', 'ET3030'), ('-2873530304382041339', 'ET2041'), ('1169308102875547823', 'ET3070')]
2023-07-25 15:19:36,188 - INFO - Have tred in C:\Users\ASUS\PycharmProjects\viz\argorithm/../assets/graph0/ET3230 [('-6902343670001039087', 'ET3030'), ('ET2050', 'ET3550'), ('ET3550', 'ET3230'), ('ET2040', 'ET3550'), ('ET3230', 'ET2050'), ('1169308102875547823', 'ET3070')]
2023-07-25 15:19:36,226 - INFO - Have tred in C:\Users\ASUS\PycharmProjects\viz\argorithm/../assets/graph0/ET3231 [('-7037141844625519030', 'ET2050'), ('6773316857796131719', 'ET3030'), ('1169308102875547823', 'ET3070')]
2023-07-25 15:19:36,253 - INFO - Have tred in C:\Users\ASUS\PycharmProjects\viz\argorithm/../assets/graph0/ET3240 [('-5207758742124228049', 'ET3090'), ('-6902343670001039087', 'ET3030'), ('1169308102875547823', 'ET3070')]
2023-07-25 15:19:36,497 - INFO - Have tred in C:\Users\ASUS\PycharmProjects\viz\argorithm/../assets/graph0/ET3291 [('-2873530304382041339', 'ET3070'), ('6773316857796131719', 'ET3030'), ('-5798140257439575002', 'ET3060'), ('-2873530304382041339', 'ET2041'), ('1169308102875547823', 'ET3070'), ('-5798140257439575002', 'ET3061')]
2023-07-25 15:19:36,522 - INFO - Have tred in C:\Users\ASUS\PycharmProjects\viz\argorithm/../assets/graph0/ET3300 [('-2873530304382041339', 'ET3070'), ('6773316857796131719', 'ET3030'), ('-5798140257439575002', 'ET3060'), ('-2873530304382041339', 'ET2041'), ('1169308102875547823', 'ET3070'), ('-5798140257439575002', 'ET3061')]
2023-07-25 15:19:36,642 - INFO - Have tred in C:\Users\ASUS\PycharmProjects\viz\argorithm/../assets/graph0/ET3550 [('ET2050', 'ET3550'), ('ET3550', 'ET3230'), ('6773316857796131719', 'ET3030'), ('ET2040', 'ET3550'), ('ET3230', 'ET2050'), ('1169308102875547823', 'ET3070')]
2023-07-25 15:19:36,678 - INFO - Have tred in C:\Users\ASUS\PycharmProjects\viz\argorithm/../assets/graph0/ET3560 [('1169308102875547823', 'ET3070'), ('6773316857796131719', 'ET3030'), ('-723894471553372847', 'ET2020')]
2023-07-25 15:19:36,715 - INFO - Have tred in C:\Users\ASUS\PycharmProjects\viz\argorithm/../assets/graph0/ET4010 [('-5207758742124228049', 'ET3090'), ('6773316857796131719', 'ET3030'), ('-2873530304382041339', 'ET3070'), ('-5798140257439575002', 'ET3060'), ('-2873530304382041339', 'ET2041'), ('1169308102875547823', 'ET3070'), ('-5798140257439575002', 'ET3061')]
2023-07-25 15:19:36,770 - INFO - Have tred in C:\Users\ASUS\PycharmProjects\viz\argorithm/../assets/graph0/ET4012 [('-2873530304382041339', 'ET3070'), ('6773316857796131719', 'ET3030'), ('-5798140257439575002', 'ET3060'), ('-2873530304382041339', 'ET2041'), ('1169308102875547823', 'ET3070'), ('-5798140257439575002', 'ET3061')]
2023-07-25 15:19:36,785 - INFO - Have tred in C:\Users\ASUS\PycharmProjects\viz\argorithm/../assets/graph0/ET4020 [('-6986549916447725272', 'MI1010')]
2023-07-25 15:19:36,834 - INFO - Have tred in C:\Users\ASUS\PycharmProjects\viz\argorithm/../assets/graph0/ET4030 [('-2873530304382041339', 'ET3070'), ('6773316857796131719', 'ET3030'), ('-5798140257439575002', 'ET3060'), ('-2873530304382041339', 'ET2041'), ('1169308102875547823', 'ET3070'), ('-5798140257439575002', 'ET3061')]
2023-07-25 15:19:36,860 - INFO - Have tred in C:\Users\ASUS\PycharmProjects\viz\argorithm/../assets/graph0/ET4031 [('-2873530304382041339', 'ET3070'), ('6773316857796131719', 'ET3030'), ('-5798140257439575002', 'ET3060'), ('-2873530304382041339', 'ET2041'), ('1169308102875547823', 'ET3070'), ('-5798140257439575002', 'ET3061')]
2023-07-25 15:19:36,874 - INFO - Have tred in C:\Users\ASUS\PycharmProjects\viz\argorithm/../assets/graph0/ET4032 [('-7037141844625519030', 'ET2050'), ('6773316857796131719', 'ET3030'), ('-9192509739113611873', 'ET3230'), ('1169308102875547823', 'ET3070')]
2023-07-25 15:19:36,889 - INFO - Have tred in C:\Users\ASUS\PycharmProjects\viz\argorithm/../assets/graph0/ET4040 [('-2873530304382041339', 'ET3070'), ('6773316857796131719', 'ET3030'), ('-5798140257439575002', 'ET3060'), ('-2873530304382041339', 'ET2041'), ('1169308102875547823', 'ET3070'), ('-5798140257439575002', 'ET3061')]
2023-07-25 15:19:37,083 - INFO - Have tred in C:\Users\ASUS\PycharmProjects\viz\argorithm/../assets/graph0/ET4090 [('9168291066615045077', 'ET3040')]
2023-07-25 15:19:37,166 - INFO - Have tred in C:\Users\ASUS\PycharmProjects\viz\argorithm/../assets/graph0/ET4110 [('-5207758742124228049', 'ET3090'), ('-6902343670001039087', 'ET3030'), ('1169308102875547823', 'ET3070')]
2023-07-25 15:19:37,193 - INFO - Have tred in C:\Users\ASUS\PycharmProjects\viz\argorithm/../assets/graph0/ET4120 [('-5207758742124228049', 'ET3090'), ('-6902343670001039087', 'ET3030'), ('1169308102875547823', 'ET3070')]
2023-07-25 15:19:37,380 - INFO - Have tred in C:\Users\ASUS\PycharmProjects\viz\argorithm/../assets/graph0/ET4231 [('-2873530304382041339', 'ET3070'), ('6773316857796131719', 'ET3030'), ('-5798140257439575002', 'ET3060'), ('-2873530304382041339', 'ET2041'), ('1169308102875547823', 'ET3070'), ('-5798140257439575002', 'ET3061')]
2023-07-25 15:19:37,561 - INFO - Have tred in C:\Users\ASUS\PycharmProjects\viz\argorithm/../assets/graph0/ET4270 [('-2873530304382041339', 'ET3070'), ('6773316857796131719', 'ET3030'), ('-5798140257439575002', 'ET3060'), ('-2873530304382041339', 'ET2041'), ('1169308102875547823', 'ET3070'), ('-5798140257439575002', 'ET3061')]
2023-07-25 15:19:37,612 - INFO - Have tred in C:\Users\ASUS\PycharmProjects\viz\argorithm/../assets/graph0/ET4290 [('-2873530304382041339', 'ET3070'), ('6773316857796131719', 'ET3030'), ('-5798140257439575002', 'ET3060'), ('-2873530304382041339', 'ET2041'), ('1169308102875547823', 'ET3070'), ('-5798140257439575002', 'ET3061')]
2023-07-25 15:19:37,658 - INFO - Have tred in C:\Users\ASUS\PycharmProjects\viz\argorithm/../assets/graph0/ET4292 [('-2873530304382041339', 'ET3070'), ('6773316857796131719', 'ET3030'), ('-5798140257439575002', 'ET3060'), ('-2873530304382041339', 'ET2041'), ('1169308102875547823', 'ET3070'), ('-5798140257439575002', 'ET3061')]
2023-07-25 15:19:37,695 - INFO - Have tred in C:\Users\ASUS\PycharmProjects\viz\argorithm/../assets/graph0/ET4310 [('1169308102875547823', 'ET3070'), ('6773316857796131719', 'ET3030'), ('-4343485845502213073', 'ET3070')]
2023-07-25 15:19:37,791 - INFO - Have tred in C:\Users\ASUS\PycharmProjects\viz\argorithm/../assets/graph0/ET4340 [('-5207758742124228049', 'ET3090'), ('-7037141844625519030', 'ET2050'), ('-6902343670001039087', 'ET3030'), ('1169308102875547823', 'ET3070')]
2023-07-25 15:19:37,851 - INFO - Have tred in C:\Users\ASUS\PycharmProjects\viz\argorithm/../assets/graph0/ET4350 [('-2873530304382041339', 'ET3070'), ('6773316857796131719', 'ET3030'), ('-5798140257439575002', 'ET3060'), ('-2873530304382041339', 'ET2041'), ('1169308102875547823', 'ET3070'), ('-5798140257439575002', 'ET3061')]
2023-07-25 15:19:37,897 - INFO - Have tred in C:\Users\ASUS\PycharmProjects\viz\argorithm/../assets/graph0/ET4360 [('-2873530304382041339', 'ET3070'), ('6773316857796131719', 'ET3030'), ('-5798140257439575002', 'ET3060'), ('-2873530304382041339', 'ET2041'), ('1169308102875547823', 'ET3070'), ('-5798140257439575002', 'ET3061')]
2023-07-25 15:19:37,930 - INFO - Have tred in C:\Users\ASUS\PycharmProjects\viz\argorithm/../assets/graph0/ET4361 [('-2873530304382041339', 'ET3070'), ('6773316857796131719', 'ET3030'), ('-5798140257439575002', 'ET3060'), ('-2873530304382041339', 'ET2041'), ('1169308102875547823', 'ET3070'), ('-5798140257439575002', 'ET3061')]
2023-07-25 15:19:38,241 - INFO - Have tred in C:\Users\ASUS\PycharmProjects\viz\argorithm/../assets/graph0/ET4470 [('-5207758742124228049', 'ET3090'), ('-6902343670001039087', 'ET3030'), ('1169308102875547823', 'ET3070')]
2023-07-25 15:19:38,423 - INFO - Have tred in C:\Users\ASUS\PycharmProjects\viz\argorithm/../assets/graph0/ET4520 [('-5207758742124228049', 'ET3090'), ('-6902343670001039087', 'ET3030'), ('1169308102875547823', 'ET3070')]
2023-07-25 15:19:38,581 - INFO - Have tred in C:\Users\ASUS\PycharmProjects\viz\argorithm/../assets/graph0/ET4570 [('-6986549916447725272', 'MI1010')]
2023-07-25 15:19:39,697 - INFO - Have tred in C:\Users\ASUS\PycharmProjects\viz\argorithm/../assets/graph0/EV3117 [('4749860766983890730', 'CH1010')]
2023-07-25 15:19:39,730 - INFO - Have tred in C:\Users\ASUS\PycharmProjects\viz\argorithm/../assets/graph0/EV3120 [('-3152957655864391213', 'EV3100')]
2023-07-25 15:19:39,747 - INFO - Have tred in C:\Users\ASUS\PycharmProjects\viz\argorithm/../assets/graph0/EV3121 [('4749860766983890730', 'CH1010')]
2023-07-25 15:19:39,775 - INFO - Have tred in C:\Users\ASUS\PycharmProjects\viz\argorithm/../assets/graph0/EV3123 [('4749860766983890730', 'CH1010')]
2023-07-25 15:19:39,801 - INFO - Have tred in C:\Users\ASUS\PycharmProjects\viz\argorithm/../assets/graph0/EV3130 [('-3152957655864391213', 'EV3100')]
2023-07-25 15:19:39,815 - INFO - Have tred in C:\Users\ASUS\PycharmProjects\viz\argorithm/../assets/graph0/EV3140 [('-3152957655864391213', 'EV3100'), ('8072172557811696789', 'EV3110')]
2023-07-25 15:19:39,883 - INFO - Have tred in C:\Users\ASUS\PycharmProjects\viz\argorithm/../assets/graph0/EV3190 [('-3510578271167284246', 'EV3100'), ('-3510578271167284246', 'EV3110'), ('-3152957655864391213', 'EV3100')]
2023-07-25 15:19:39,946 - INFO - Have tred in C:\Users\ASUS\PycharmProjects\viz\argorithm/../assets/graph0/EV3221 [('-6512511047819808645', '8225006627212669557'), ('4749860766983890730', 'CH1010')]
2023-07-25 15:19:40,189 - INFO - Have tred in C:\Users\ASUS\PycharmProjects\viz\argorithm/../assets/graph0/EV4110 [('-8192582153245031434', 'EV3110'), ('-3152957655864391213', 'EV3100'), ('-8192582153245031434', 'EV3100')]
2023-07-25 15:19:40,203 - INFO - Have tred in C:\Users\ASUS\PycharmProjects\viz\argorithm/../assets/graph0/EV4111 [('-8192582153245031434', 'EV3110'), ('-3152957655864391213', 'EV3100'), ('-8192582153245031434', 'EV3100')]
2023-07-25 15:19:40,230 - INFO - Have tred in C:\Users\ASUS\PycharmProjects\viz\argorithm/../assets/graph0/EV4113 [('-3990249484713825704', '-2523396994890662381'), ('-3990249484713825704', 'EV3111'), ('4749860766983890730', 'CH1010')]
2023-07-25 15:19:40,244 - INFO - Have tred in C:\Users\ASUS\PycharmProjects\viz\argorithm/../assets/graph0/EV4114 [('2022490183099400038', 'EV3117'), ('7612574241760481299', 'EV3113'), ('7612574241760481299', 'EV3111'), ('2022490183099400038', 'EV3111'), ('4749860766983890730', 'CH1010')]
2023-07-25 15:19:40,270 - INFO - Have tred in C:\Users\ASUS\PycharmProjects\viz\argorithm/../assets/graph0/EV4116 [('4749860766983890730', 'CH1010')]
2023-07-25 15:19:40,317 - INFO - Have tred in C:\Users\ASUS\PycharmProjects\viz\argorithm/../assets/graph0/EV4120 [('9166260514630841905', 'EV3100'), ('9166260514630841905', 'EV3110'), ('-3152957655864391213', 'EV3100')]
2023-07-25 15:19:40,351 - INFO - Have tred in C:\Users\ASUS\PycharmProjects\viz\argorithm/../assets/graph0/EV4130 [('4113624283478402279', 'EV3160'), ('4113624283478402279', 'EV3100'), ('4113624283478402279', 'EV3110'), ('-3152957655864391213', 'EV3100')]
2023-07-25 15:19:40,364 - INFO - Have tred in C:\Users\ASUS\PycharmProjects\viz\argorithm/../assets/graph0/EV4131 [('4113624283478402279', 'EV3160'), ('4113624283478402279', 'EV3100'), ('4113624283478402279', 'EV3110'), ('-3152957655864391213', 'EV3100')]
2023-07-25 15:19:40,389 - INFO - Have tred in C:\Users\ASUS\PycharmProjects\viz\argorithm/../assets/graph0/EV4140 [('-8192582153245031434', 'EV3110'), ('-118212123498388274', 'EV3110'), ('-118212123498388274', 'EV3170'), ('-118212123498388274', 'EV3120'), ('4113624283478402279', 'EV3160'), ('4113624283478402279', 'EV3100'), ('-3152957655864391213', 'EV3100'), ('-8192582153245031434', 'EV3100'), ('4113624283478402279', 'EV3110'), ('-118212123498388274', 'EV3100')]
2023-07-25 15:19:40,404 - INFO - Have tred in C:\Users\ASUS\PycharmProjects\viz\argorithm/../assets/graph0/EV4141 [('-7316276770459744772', 'EV3114'), ('4749860766983890730', 'CH1010')]
2023-07-25 15:19:40,441 - INFO - Have tred in C:\Users\ASUS\PycharmProjects\viz\argorithm/../assets/graph0/EV4170 [('9166260514630841905', 'EV3100'), ('9166260514630841905', 'EV3110'), ('-3152957655864391213', 'EV3100')]
2023-07-25 15:19:40,455 - INFO - Have tred in C:\Users\ASUS\PycharmProjects\viz\argorithm/../assets/graph0/EV4180 [('-8192582153245031434', 'EV3110'), ('9166260514630841905', 'EV3100'), ('9166260514630841905', 'EV3110'), ('4113624283478402279', 'EV3160'), ('4113624283478402279', 'EV3100'), ('-3152957655864391213', 'EV3100'), ('-8192582153245031434', 'EV3100'), ('4113624283478402279', 'EV3110')]
2023-07-25 15:19:40,469 - INFO - Have tred in C:\Users\ASUS\PycharmProjects\viz\argorithm/../assets/graph0/EV4190 [('-8192582153245031434', 'EV3110'), ('-3595426015069229040', 'EV4120'), ('9166260514630841905', 'EV3100'), ('9166260514630841905', 'EV3110'), ('4113624283478402279', 'EV3160'), ('4113624283478402279', 'EV3100'), ('-3152957655864391213', 'EV3100'), ('-8192582153245031434', 'EV3100'), ('4113624283478402279', 'EV3110')]
2023-07-25 15:19:40,485 - INFO - Have tred in C:\Users\ASUS\PycharmProjects\viz\argorithm/../assets/graph0/EV4200 [('-1408928431468865992', 'EV4250'), ('-5382856603170200943', 'CH1010'), ('-3152957655864391213', 'EV3100'), ('464807512356096159', 'CH1010'), ('-6142231258148300889', 'CH3070'), ('8072172557811696789', 'EV3110')]
2023-07-25 15:19:40,510 - INFO - Have tred in C:\Users\ASUS\PycharmProjects\viz\argorithm/../assets/graph0/EV4210 [('-5382856603170200943', 'CH1010'), ('-3152957655864391213', 'EV3100'), ('464807512356096159', 'CH1010'), ('-6142231258148300889', 'CH3070'), ('8072172557811696789', 'EV3110')]
2023-07-25 15:19:40,535 - INFO - Have tred in C:\Users\ASUS\PycharmProjects\viz\argorithm/../assets/graph0/EV4212 [('4749860766983890730', 'CH1010')]
2023-07-25 15:19:40,548 - INFO - Have tred in C:\Users\ASUS\PycharmProjects\viz\argorithm/../assets/graph0/EV4213 [('4749860766983890730', 'CH1010')]
2023-07-25 15:19:40,561 - INFO - Have tred in C:\Users\ASUS\PycharmProjects\viz\argorithm/../assets/graph0/EV4214 [('-6512511047819808645', '8225006627212669557'), ('4637741618193464959', '-2523396994890662381'), ('4749860766983890730', 'CH1010')]
2023-07-25 15:19:40,598 - INFO - Have tred in C:\Users\ASUS\PycharmProjects\viz\argorithm/../assets/graph0/EV4217 [('4749860766983890730', 'CH1010')]
2023-07-25 15:19:40,612 - INFO - Have tred in C:\Users\ASUS\PycharmProjects\viz\argorithm/../assets/graph0/EV4218 [('4749860766983890730', 'CH1010')]
2023-07-25 15:19:41,015 - INFO - Have tred in C:\Users\ASUS\PycharmProjects\viz\argorithm/../assets/graph0/EV4282 [('1460657730728917923', 'EV3210')]
2023-07-25 15:19:41,028 - INFO - Have tred in C:\Users\ASUS\PycharmProjects\viz\argorithm/../assets/graph0/EV4283 [('-1138639341067963987', 'EV3120'), ('-1138639341067963987', 'EV3100'), ('-3152957655864391213', 'EV3100'), ('8072172557811696789', 'EV3110'), ('-1138639341067963987', 'EV3110')]
2023-07-25 15:19:41,052 - INFO - Have tred in C:\Users\ASUS\PycharmProjects\viz\argorithm/../assets/graph0/EV4290 [('-8652150684782764647', 'EV3160')]
2023-07-25 15:19:41,218 - INFO - Have tred in C:\Users\ASUS\PycharmProjects\viz\argorithm/../assets/graph0/EV5111 [('-7316276770459744772', 'EV3114'), ('4749860766983890730', 'CH1010')]
2023-07-25 15:19:41,252 - INFO - Have tred in C:\Users\ASUS\PycharmProjects\viz\argorithm/../assets/graph0/EV5114 [('-7316276770459744772', 'EV3114'), ('4749860766983890730', 'CH1010')]
2023-07-25 15:19:41,277 - INFO - Have tred in C:\Users\ASUS\PycharmProjects\viz\argorithm/../assets/graph0/EV5116 [('-7316276770459744772', 'EV3114'), ('-1665271298630067449', 'EV3111'), ('4749860766983890730', 'CH1010')]
2023-07-25 15:19:41,291 - INFO - Have tred in C:\Users\ASUS\PycharmProjects\viz\argorithm/../assets/graph0/EV5118 [('3598094306599602190', '-2523396994890662381'), ('-6512511047819808645', '8225006627212669557'), ('-7316276770459744772', 'EV3114'), ('4749860766983890730', 'CH1010')]
2023-07-25 15:19:41,304 - INFO - Have tred in C:\Users\ASUS\PycharmProjects\viz\argorithm/../assets/graph0/EV5119 [('-7316276770459744772', 'EV3114'), ('4749860766983890730', 'CH1010')]
2023-07-25 15:19:41,353 - INFO - Have tred in C:\Users\ASUS\PycharmProjects\viz\argorithm/../assets/graph0/EV5123 [('4749860766983890730', 'CH1010')]
2023-07-25 15:19:41,366 - INFO - Have tred in C:\Users\ASUS\PycharmProjects\viz\argorithm/../assets/graph0/EV5124 [('4749860766983890730', 'CH1010')]
2023-07-25 15:19:41,403 - INFO - Have tred in C:\Users\ASUS\PycharmProjects\viz\argorithm/../assets/graph0/EV5127 [('-1776514686398003233', 'EV3114')]
2023-07-25 15:19:41,568 - INFO - Have tred in C:\Users\ASUS\PycharmProjects\viz\argorithm/../assets/graph0/EV5214 [('-3539568390921071709', 'EV2211')]
2023-07-25 15:19:41,622 - INFO - Have tred in C:\Users\ASUS\PycharmProjects\viz\argorithm/../assets/graph0/EV5222 [('-7316276770459744772', 'EV3114'), ('4749860766983890730', 'CH1010')]
2023-07-25 15:19:41,636 - INFO - Have tred in C:\Users\ASUS\PycharmProjects\viz\argorithm/../assets/graph0/EV5223 [('4749860766983890730', 'CH1010')]
2023-07-25 15:19:41,651 - INFO - Have tred in C:\Users\ASUS\PycharmProjects\viz\argorithm/../assets/graph0/EV5224 [('8947468951192144289', 'EV3114'), ('8947468951192144289', '-2523396994890662381'), ('4749860766983890730', 'CH1010')]
2023-07-25 15:19:41,796 - INFO - Have tred in C:\Users\ASUS\PycharmProjects\viz\argorithm/../assets/graph0/EV5315 [('4749860766983890730', 'CH1010'), ('-6512511047819808645', '8225006627212669557'), ('-7316276770459744772', 'EV3114'), ('8883425436362446977', 'EV3114'), ('8883425436362446977', '-2523396994890662381')]
2023-07-25 15:19:44,181 - INFO - Have tred in C:\Users\ASUS\PycharmProjects\viz\argorithm/../assets/graph0/FL3340 [('-2560446197349760401', 'FL3210')]
2023-07-25 15:19:44,676 - INFO - Have tred in C:\Users\ASUS\PycharmProjects\viz\argorithm/../assets/graph0/FL4061 [('8583364473067566524', 'FL3023'), ('8583364473067566524', 'FL3043'), ('8583364473067566524', 'FL3013'), ('8583364473067566524', 'FL3033')]
2023-07-25 15:19:44,983 - INFO - Have tred in C:\Users\ASUS\PycharmProjects\viz\argorithm/../assets/graph0/FL4227 [('-2817745357882499793', 'FL3210')]
2023-07-25 15:19:45,040 - INFO - Have tred in C:\Users\ASUS\PycharmProjects\viz\argorithm/../assets/graph0/FL5010 [('-3687550073402297395', 'FL4051')]
2023-07-25 15:19:45,083 - INFO - Have tred in C:\Users\ASUS\PycharmProjects\viz\argorithm/../assets/graph0/FL5110 [('-3687550073402297395', 'FL4051')]
2023-07-25 15:19:45,097 - INFO - Have tred in C:\Users\ASUS\PycharmProjects\viz\argorithm/../assets/graph0/FL5210 [('-3687550073402297395', 'FL4051')]
2023-07-25 15:19:45,111 - INFO - Have tred in C:\Users\ASUS\PycharmProjects\viz\argorithm/../assets/graph0/FL5211 [('-648102700709222393', 'FL4052'), ('-648102700709222393', 'FL4074'), ('-648102700709222393', 'FL4051'), ('-648102700709222393', 'FL4053'), ('-648102700709222393', 'FL4065'), ('-3687550073402297395', 'FL4051'), ('-648102700709222393', 'FL4054')]
2023-07-25 15:19:45,592 - INFO - Have tred in C:\Users\ASUS\PycharmProjects\viz\argorithm/../assets/graph0/HE3001 [('-6483929852309294183', 'HE3013'), ('-6483929852309294183', 'HE3023'), ('-6483929852309294183', 'HE3011')]
2023-07-25 15:19:45,704 - INFO - Have tred in C:\Users\ASUS\PycharmProjects\viz\argorithm/../assets/graph0/HE3031 [('-1939542181297088171', 'HE2010')]
2023-07-25 15:19:45,777 - INFO - Have tred in C:\Users\ASUS\PycharmProjects\viz\argorithm/../assets/graph0/HE4000 [('-1939542181297088171', 'HE2010')]
2023-07-25 15:19:45,791 - INFO - Have tred in C:\Users\ASUS\PycharmProjects\viz\argorithm/../assets/graph0/HE4001 [('-1939542181297088171', 'HE2010')]
2023-07-25 15:19:45,953 - INFO - Have tred in C:\Users\ASUS\PycharmProjects\viz\argorithm/../assets/graph0/HE4032 [('-1939542181297088171', 'HE2010')]
2023-07-25 15:19:46,015 - INFO - Have tred in C:\Users\ASUS\PycharmProjects\viz\argorithm/../assets/graph0/HE4042 [('8920904480840299369', 'HE3032'), ('-1939542181297088171', 'HE2010')]
2023-07-25 15:19:46,061 - INFO - Have tred in C:\Users\ASUS\PycharmProjects\viz\argorithm/../assets/graph0/HE4053 [('6059445334264025655', 'HE3023')]
2023-07-25 15:19:46,086 - INFO - Have tred in C:\Users\ASUS\PycharmProjects\viz\argorithm/../assets/graph0/HE4061 [('-1939542181297088171', 'HE2010')]
2023-07-25 15:19:46,159 - INFO - Have tred in C:\Users\ASUS\PycharmProjects\viz\argorithm/../assets/graph0/HE4083 [('6059445334264025655', 'HE3023')]
2023-07-25 15:19:46,184 - INFO - Have tred in C:\Users\ASUS\PycharmProjects\viz\argorithm/../assets/graph0/HE4092 [('-1939542181297088171', 'HE2010')]
2023-07-25 15:19:46,330 - INFO - Have tred in C:\Users\ASUS\PycharmProjects\viz\argorithm/../assets/graph0/HE4134 [('-1939542181297088171', 'HE2010')]
2023-07-25 15:19:46,509 - INFO - Have tred in C:\Users\ASUS\PycharmProjects\viz\argorithm/../assets/graph0/HE4212 [('-1939542181297088171', 'HE2010')]
2023-07-25 15:19:46,523 - INFO - Have tred in C:\Users\ASUS\PycharmProjects\viz\argorithm/../assets/graph0/HE4214 [('-3844420276460941991', 'HE4134'), ('-3844420276460941991', 'HE4208'), ('-1939542181297088171', 'HE2010')]
2023-07-25 15:19:46,556 - INFO - Have tred in C:\Users\ASUS\PycharmProjects\viz\argorithm/../assets/graph0/HE4301 [('-6483929852309294183', 'HE3013'), ('-6483929852309294183', 'HE3023'), ('-1939542181297088171', 'HE2010'), ('-6483929852309294183', 'HE3011')]
2023-07-25 15:19:46,669 - INFO - Have tred in C:\Users\ASUS\PycharmProjects\viz\argorithm/../assets/graph0/HE4405 [('8244415062724272291', 'HE3023'), ('-1939542181297088171', 'HE2010'), ('8244415062724272291', 'HE3013')]
2023-07-25 15:19:47,816 - INFO - Have tred in C:\Users\ASUS\PycharmProjects\viz\argorithm/../assets/graph0/IT3040 [('-2541695858604751678', '3051145627080052290')]
2023-07-25 15:19:47,879 - INFO - Have tred in C:\Users\ASUS\PycharmProjects\viz\argorithm/../assets/graph0/IT3045 [('-2541695858604751678', '3051145627080052290')]
2023-07-25 15:19:49,573 - INFO - Have tred in C:\Users\ASUS\PycharmProjects\viz\argorithm/../assets/graph0/IT4015 [('-2829996374696724430', 'IT2110')]
2023-07-25 15:19:49,629 - INFO - Have tred in C:\Users\ASUS\PycharmProjects\viz\argorithm/../assets/graph0/IT4025 [('-2829996374696724430', 'IT2110')]
2023-07-25 15:19:50,494 - INFO - Have tred in C:\Users\ASUS\PycharmProjects\viz\argorithm/../assets/graph0/IT4190 [('-2829996374696724430', 'IT2110')]
2023-07-25 15:19:50,561 - INFO - Have tred in C:\Users\ASUS\PycharmProjects\viz\argorithm/../assets/graph0/IT4220 [('-2829996374696724430', 'IT2110')]
2023-07-25 15:19:50,728 - INFO - Have tred in C:\Users\ASUS\PycharmProjects\viz\argorithm/../assets/graph0/IT4263 [('-2829996374696724430', 'IT2110'), ('6165249252487054228', 'IT1110')]
2023-07-25 15:19:50,876 - INFO - Have tred in C:\Users\ASUS\PycharmProjects\viz\argorithm/../assets/graph0/IT4320 [('-2829996374696724430', 'IT2110'), ('6165249252487054228', 'IT1110')]
2023-07-25 15:19:50,955 - INFO - Have tred in C:\Users\ASUS\PycharmProjects\viz\argorithm/../assets/graph0/IT4342E [('-343562147731821317', 'MI1022'), ('-343562147731821317', 'MI2022'), ('-343562147731821317', 'MI1032'), ('-343562147731821317', 'IT3312E')]
2023-07-25 15:19:51,106 - INFO - Have tred in C:\Users\ASUS\PycharmProjects\viz\argorithm/../assets/graph0/IT4380 [('-6475687239282974664', 'IT3100')]
2023-07-25 15:19:51,194 - INFO - Have tred in C:\Users\ASUS\PycharmProjects\viz\argorithm/../assets/graph0/IT4403 [('-2541695858604751678', '3051145627080052290')]
2023-07-25 15:19:51,522 - INFO - Have tred in C:\Users\ASUS\PycharmProjects\viz\argorithm/../assets/graph0/IT4450 [('-2829996374696724430', 'IT2110')]
2023-07-25 15:19:51,809 - INFO - Have tred in C:\Users\ASUS\PycharmProjects\viz\argorithm/../assets/graph0/IT4540 [('-2385773776148359467', 'IT4080')]
2023-07-25 15:19:52,001 - INFO - Have tred in C:\Users\ASUS\PycharmProjects\viz\argorithm/../assets/graph0/IT4570 [('-2829996374696724430', 'IT2110')]
2023-07-25 15:19:52,013 - INFO - Have tred in C:\Users\ASUS\PycharmProjects\viz\argorithm/../assets/graph0/IT4580 [('-2829996374696724430', 'IT2110')]
2023-07-25 15:19:52,179 - INFO - Have tred in C:\Users\ASUS\PycharmProjects\viz\argorithm/../assets/graph0/IT4613 [('-2541695858604751678', '3051145627080052290')]
2023-07-25 15:19:52,247 - INFO - Have tred in C:\Users\ASUS\PycharmProjects\viz\argorithm/../assets/graph0/IT4630 [('-2541695858604751678', '3051145627080052290')]
2023-07-25 15:19:52,270 - INFO - Have tred in C:\Users\ASUS\PycharmProjects\viz\argorithm/../assets/graph0/IT4640 [('-2829996374696724430', 'IT2110'), ('6165249252487054228', 'IT1110')]
2023-07-25 15:19:52,570 - INFO - Have tred in C:\Users\ASUS\PycharmProjects\viz\argorithm/../assets/graph0/IT4730 [('-2829996374696724430', 'IT2110')]
2023-07-25 15:19:52,609 - INFO - Have tred in C:\Users\ASUS\PycharmProjects\viz\argorithm/../assets/graph0/IT4751 [('-2541695858604751678', '3051145627080052290')]
2023-07-25 15:19:53,171 - INFO - Have tred in C:\Users\ASUS\PycharmProjects\viz\argorithm/../assets/graph0/IT4810 [('-2829996374696724430', 'IT2110'), ('6165249252487054228', 'IT1110')]
2023-07-25 15:19:53,301 - INFO - Have tred in C:\Users\ASUS\PycharmProjects\viz\argorithm/../assets/graph0/IT4830 [('-2829996374696724430', 'IT2110'), ('6165249252487054228', 'IT1110')]
2023-07-25 15:19:53,315 - INFO - Have tred in C:\Users\ASUS\PycharmProjects\viz\argorithm/../assets/graph0/IT4831 [('-2829996374696724430', 'IT2110'), ('6165249252487054228', 'IT1110')]
2023-07-25 15:19:53,340 - INFO - Have tred in C:\Users\ASUS\PycharmProjects\viz\argorithm/../assets/graph0/IT4833 [('-2541695858604751678', '3051145627080052290')]
2023-07-25 15:19:53,353 - INFO - Have tred in C:\Users\ASUS\PycharmProjects\viz\argorithm/../assets/graph0/IT4840 [('-2829996374696724430', 'IT2110')]
2023-07-25 15:19:53,629 - INFO - Have tred in C:\Users\ASUS\PycharmProjects\viz\argorithm/../assets/graph0/IT4872 [('-845416645014619638', 'IT3090')]
2023-07-25 15:19:53,654 - INFO - Have tred in C:\Users\ASUS\PycharmProjects\viz\argorithm/../assets/graph0/IT4875 [('-2541695858604751678', '3051145627080052290')]
2023-07-25 15:19:53,734 - INFO - Have tred in C:\Users\ASUS\PycharmProjects\viz\argorithm/../assets/graph0/IT4883 [('-435894523123008562', 'IT3010')]
2023-07-25 15:19:54,212 - INFO - Have tred in C:\Users\ASUS\PycharmProjects\viz\argorithm/../assets/graph0/IT4930 [('-2541695858604751678', '3051145627080052290'), ('-1441790261758483013', 'IT3011'), ('8394930131917240018', '-8197131371433899606')]
2023-07-25 15:19:56,517 - INFO - Have tred in C:\Users\ASUS\PycharmProjects\viz\argorithm/../assets/graph0/ME3070 [('-3406303408406503782', 'ME2015')]
2023-07-25 15:19:56,600 - INFO - Have tred in C:\Users\ASUS\PycharmProjects\viz\argorithm/../assets/graph0/ME3080 [('8068022026216997495', 'ME2140')]
2023-07-25 15:19:56,648 - INFO - Have tred in C:\Users\ASUS\PycharmProjects\viz\argorithm/../assets/graph0/ME3087 [('8068022026216997495', 'ME2140')]
2023-07-25 15:19:56,904 - INFO - Have tred in C:\Users\ASUS\PycharmProjects\viz\argorithm/../assets/graph0/ME3130 [('-393732575811795527', 'ME3191')]
2023-07-25 15:19:58,185 - INFO - Have tred in C:\Users\ASUS\PycharmProjects\viz\argorithm/../assets/graph0/ME4061 [('3591831888319515304', 'ME2140')]
2023-07-25 15:19:58,395 - INFO - Have tred in C:\Users\ASUS\PycharmProjects\viz\argorithm/../assets/graph0/ME4081 [('108678152757845832', 'ME3010'), ('108678152757845832', 'ME2140')]
2023-07-25 15:19:58,627 - INFO - Have tred in C:\Users\ASUS\PycharmProjects\viz\argorithm/../assets/graph0/ME4099 [('-3406303408406503782', 'ME2015')]
2023-07-25 15:19:58,718 - INFO - Have tred in C:\Users\ASUS\PycharmProjects\viz\argorithm/../assets/graph0/ME4105 [('641758881826405730', 'ME4322'), ('641758881826405730', 'ME3203')]
2023-07-25 15:19:58,757 - INFO - Have tred in C:\Users\ASUS\PycharmProjects\viz\argorithm/../assets/graph0/ME4111 [('-6903602598375148432', 'ME2140')]
2023-07-25 15:19:58,796 - INFO - Have tred in C:\Users\ASUS\PycharmProjects\viz\argorithm/../assets/graph0/ME4113 [('-3406303408406503782', 'ME2015')]
2023-07-25 15:19:58,881 - INFO - Have tred in C:\Users\ASUS\PycharmProjects\viz\argorithm/../assets/graph0/ME4121 [('-4789933157547507951', 'ME2140')]
2023-07-25 15:19:58,915 - INFO - Have tred in C:\Users\ASUS\PycharmProjects\viz\argorithm/../assets/graph0/ME4123 [('-3406303408406503782', 'ME2015')]
2023-07-25 15:19:59,046 - INFO - Have tred in C:\Users\ASUS\PycharmProjects\viz\argorithm/../assets/graph0/ME4134 [('8150207359848755709', 'ME4104')]
2023-07-25 15:19:59,091 - INFO - Have tred in C:\Users\ASUS\PycharmProjects\viz\argorithm/../assets/graph0/ME4140 [('-6421723783597627394', 'ME4060'), ('-6421723783597627394', 'ME4050')]
2023-07-25 15:19:59,123 - INFO - Have tred in C:\Users\ASUS\PycharmProjects\viz\argorithm/../assets/graph0/ME4143 [('-3406303408406503782', 'ME2015')]
2023-07-25 15:19:59,216 - INFO - Have tred in C:\Users\ASUS\PycharmProjects\viz\argorithm/../assets/graph0/ME4152 [('5236569874183183771', 'ME4212')]
2023-07-25 15:19:59,317 - INFO - Have tred in C:\Users\ASUS\PycharmProjects\viz\argorithm/../assets/graph0/ME4162 [('5236569874183183771', 'ME4212'), ('-7259729893823008036', 'ME4062')]
2023-07-25 15:19:59,425 - INFO - Have tred in C:\Users\ASUS\PycharmProjects\viz\argorithm/../assets/graph0/ME4172 [('5236569874183183771', 'ME4212')]
2023-07-25 15:19:59,662 - INFO - Have tred in C:\Users\ASUS\PycharmProjects\viz\argorithm/../assets/graph0/ME4192 [('5236569874183183771', 'ME4212')]
2023-07-25 15:20:00,211 - INFO - Have tred in C:\Users\ASUS\PycharmProjects\viz\argorithm/../assets/graph0/ME4241 [('4750693760095316715', 'ME3040')]
2023-07-25 15:20:00,494 - INFO - Have tred in C:\Users\ASUS\PycharmProjects\viz\argorithm/../assets/graph0/ME4282 [('-6215460537856807381', 'ME3090'), ('-6215460537856807381', 'ME3060'), ('-6215460537856807381', 'ME4212')]
2023-07-25 15:20:00,581 - INFO - Have tred in C:\Users\ASUS\PycharmProjects\viz\argorithm/../assets/graph0/ME4288 [('5236569874183183771', 'ME4212')]
2023-07-25 15:20:00,595 - INFO - Have tred in C:\Users\ASUS\PycharmProjects\viz\argorithm/../assets/graph0/ME4289 [('5236569874183183771', 'ME4212')]
2023-07-25 15:20:00,794 - INFO - Have tred in C:\Users\ASUS\PycharmProjects\viz\argorithm/../assets/graph0/ME4320 [('8068022026216997495', 'ME2140')]
2023-07-25 15:20:00,841 - INFO - Have tred in C:\Users\ASUS\PycharmProjects\viz\argorithm/../assets/graph0/ME4324 [('1590363983442060808', '8774128784443335669')]
2023-07-25 15:20:01,031 - INFO - Have tred in C:\Users\ASUS\PycharmProjects\viz\argorithm/../assets/graph0/ME4360 [('8068022026216997495', 'ME2140')]
2023-07-25 15:20:01,065 - INFO - Have tred in C:\Users\ASUS\PycharmProjects\viz\argorithm/../assets/graph0/ME4370 [('8068022026216997495', 'ME2140')]
2023-07-25 15:20:01,142 - INFO - Have tred in C:\Users\ASUS\PycharmProjects\viz\argorithm/../assets/graph0/ME4390 [('8068022026216997495', 'ME2140')]
2023-07-25 15:20:01,248 - INFO - Have tred in C:\Users\ASUS\PycharmProjects\viz\argorithm/../assets/graph0/ME4410 [('8068022026216997495', 'ME2140')]
2023-07-25 15:20:01,446 - INFO - Have tred in C:\Users\ASUS\PycharmProjects\viz\argorithm/../assets/graph0/ME4440 [('8068022026216997495', 'ME2140')]
2023-07-25 15:20:01,491 - INFO - Have tred in C:\Users\ASUS\PycharmProjects\viz\argorithm/../assets/graph0/ME4450 [('8068022026216997495', 'ME2140')]
2023-07-25 15:20:01,524 - INFO - Have tred in C:\Users\ASUS\PycharmProjects\viz\argorithm/../assets/graph0/ME4460 [('8068022026216997495', 'ME2140')]
2023-07-25 15:20:01,885 - INFO - Have tred in C:\Users\ASUS\PycharmProjects\viz\argorithm/../assets/graph0/ME4510 [('3591831888319515304', 'ME2140'), ('-5891939618705069248', 'ME2142')]
2023-07-25 15:20:01,984 - INFO - Have tred in C:\Users\ASUS\PycharmProjects\viz\argorithm/../assets/graph0/ME4530 [('8068022026216997495', 'ME2140')]
2023-07-25 15:20:02,083 - INFO - Have tred in C:\Users\ASUS\PycharmProjects\viz\argorithm/../assets/graph0/ME4570 [('5415643101108352235', 'ME3040')]
2023-07-25 15:20:02,108 - INFO - Have tred in C:\Users\ASUS\PycharmProjects\viz\argorithm/../assets/graph0/ME4590 [('5415643101108352235', 'ME3040')]
2023-07-25 15:20:02,248 - INFO - Have tred in C:\Users\ASUS\PycharmProjects\viz\argorithm/../assets/graph0/ME4610 [('6319268233371630904', 'ME2140')]
2023-07-25 15:20:02,273 - INFO - Have tred in C:\Users\ASUS\PycharmProjects\viz\argorithm/../assets/graph0/ME4620 [('5415643101108352235', 'ME3040')]
2023-07-25 15:20:02,331 - INFO - Have tred in C:\Users\ASUS\PycharmProjects\viz\argorithm/../assets/graph0/ME4660 [('5415643101108352235', 'ME3040')]
2023-07-25 15:20:02,344 - INFO - Have tred in C:\Users\ASUS\PycharmProjects\viz\argorithm/../assets/graph0/ME4670 [('-6837782498249679069', 'ME4020')]
2023-07-25 15:20:02,368 - INFO - Have tred in C:\Users\ASUS\PycharmProjects\viz\argorithm/../assets/graph0/ME4690 [('8068022026216997495', 'ME2140')]
2023-07-25 15:20:02,390 - INFO - Have tred in C:\Users\ASUS\PycharmProjects\viz\argorithm/../assets/graph0/ME4700 [('-3406303408406503782', 'ME2015')]
2023-07-25 15:20:02,483 - INFO - Have tred in C:\Users\ASUS\PycharmProjects\viz\argorithm/../assets/graph0/ME4760 [('1237968729790294196', 'ME4730')]
2023-07-25 15:20:02,531 - INFO - Have tred in C:\Users\ASUS\PycharmProjects\viz\argorithm/../assets/graph0/ME4800 [('5659073592808243034', 'ME4710'), ('8068022026216997495', 'ME2140')]
2023-07-25 15:20:02,624 - INFO - Have tred in C:\Users\ASUS\PycharmProjects\viz\argorithm/../assets/graph0/ME4860 [('8068022026216997495', 'ME2140')]
2023-07-25 15:20:06,095 - INFO - Have tred in C:\Users\ASUS\PycharmProjects\viz\argorithm/../assets/graph0/MI4020 [('-2507658109825807254', 'MI3350')]
2023-07-25 15:20:06,709 - INFO - Have tred in C:\Users\ASUS\PycharmProjects\viz\argorithm/../assets/graph0/MI4150 [('-2507658109825807254', 'MI3350')]
2023-07-25 15:20:08,200 - INFO - Have tred in C:\Users\ASUS\PycharmProjects\viz\argorithm/../assets/graph0/MSE3010 [('6139416591428618775', 'PH1010')]
2023-07-25 15:20:08,307 - INFO - Have tred in C:\Users\ASUS\PycharmProjects\viz\argorithm/../assets/graph0/MSE3020 [('6139416591428618775', 'PH1010')]
2023-07-25 15:20:08,465 - INFO - Have tred in C:\Users\ASUS\PycharmProjects\viz\argorithm/../assets/graph0/MSE3060 [('6139416591428618775', 'PH1010')]
2023-07-25 15:20:08,492 - INFO - Have tred in C:\Users\ASUS\PycharmProjects\viz\argorithm/../assets/graph0/MSE3070 [('6139416591428618775', 'PH1010')]
2023-07-25 15:20:08,696 - INFO - Have tred in C:\Users\ASUS\PycharmProjects\viz\argorithm/../assets/graph0/MSE3130 [('6139416591428618775', 'PH1010')]
2023-07-25 15:20:08,749 - INFO - Have tred in C:\Users\ASUS\PycharmProjects\viz\argorithm/../assets/graph0/MSE3150 [('6139416591428618775', 'PH1010')]
2023-07-25 15:20:08,784 - INFO - Have tred in C:\Users\ASUS\PycharmProjects\viz\argorithm/../assets/graph0/MSE3160 [('6139416591428618775', 'PH1010')]
2023-07-25 15:20:08,817 - INFO - Have tred in C:\Users\ASUS\PycharmProjects\viz\argorithm/../assets/graph0/MSE3170 [('6139416591428618775', 'PH1010')]
2023-07-25 15:20:09,755 - INFO - Have tred in C:\Users\ASUS\PycharmProjects\viz\argorithm/../assets/graph0/MSE4115 [('-8609228500664241811', 'MSE2031')]
2023-07-25 15:20:10,605 - INFO - Have tred in C:\Users\ASUS\PycharmProjects\viz\argorithm/../assets/graph0/MSE4331 [('6139416591428618775', 'PH1010')]
2023-07-25 15:20:10,738 - INFO - Have tred in C:\Users\ASUS\PycharmProjects\viz\argorithm/../assets/graph0/MSE4370 [('2153065162591054056', 'MSE3310')]
2023-07-25 15:20:10,774 - INFO - Have tred in C:\Users\ASUS\PycharmProjects\viz\argorithm/../assets/graph0/MSE4381 [('6139416591428618775', 'PH1010')]
2023-07-25 15:20:11,670 - INFO - Have tred in C:\Users\ASUS\PycharmProjects\viz\argorithm/../assets/graph0/MSE4620 [('6139416591428618775', 'PH1010')]
2023-07-25 15:20:11,716 - INFO - Have tred in C:\Users\ASUS\PycharmProjects\viz\argorithm/../assets/graph0/MSE4640 [('6139416591428618775', 'PH1010')]
2023-07-25 15:20:11,739 - INFO - Have tred in C:\Users\ASUS\PycharmProjects\viz\argorithm/../assets/graph0/MSE4650 [('6139416591428618775', 'PH1010')]
2023-07-25 15:20:14,280 - INFO - Have tred in C:\Users\ASUS\PycharmProjects\viz\argorithm/../assets/graph0/NE3012 [('5253281623359674799', 'PH1010')]
2023-07-25 15:20:14,380 - INFO - Have tred in C:\Users\ASUS\PycharmProjects\viz\argorithm/../assets/graph0/NE3030 [('6139416591428618775', 'PH1010')]
2023-07-25 15:20:14,447 - INFO - Have tred in C:\Users\ASUS\PycharmProjects\viz\argorithm/../assets/graph0/NE3040 [('6139416591428618775', 'PH1010'), ('4110084263325721726', 'ET2010')]
2023-07-25 15:20:14,517 - INFO - Have tred in C:\Users\ASUS\PycharmProjects\viz\argorithm/../assets/graph0/NE3050 [('5253281623359674799', 'PH1010')]
2023-07-25 15:20:14,595 - INFO - Have tred in C:\Users\ASUS\PycharmProjects\viz\argorithm/../assets/graph0/NE3062 [('5253281623359674799', 'PH1010')]
2023-07-25 15:20:14,608 - INFO - Have tred in C:\Users\ASUS\PycharmProjects\viz\argorithm/../assets/graph0/NE3070 [('5253281623359674799', 'PH1010')]
2023-07-25 15:20:14,631 - INFO - Have tred in C:\Users\ASUS\PycharmProjects\viz\argorithm/../assets/graph0/NE3081 [('6139416591428618775', 'PH1010'), ('-8262597836508725553', 'ET2010')]
2023-07-25 15:20:14,744 - INFO - Have tred in C:\Users\ASUS\PycharmProjects\viz\argorithm/../assets/graph0/NE4001 [('5253281623359674799', 'PH1010')]
2023-07-25 15:20:14,770 - INFO - Have tred in C:\Users\ASUS\PycharmProjects\viz\argorithm/../assets/graph0/NE4003 [('5253281623359674799', 'PH1010')]
2023-07-25 15:20:14,854 - INFO - Have tred in C:\Users\ASUS\PycharmProjects\viz\argorithm/../assets/graph0/NE4111 [('5253281623359674799', 'PH1010')]
2023-07-25 15:20:15,016 - INFO - Have tred in C:\Users\ASUS\PycharmProjects\viz\argorithm/../assets/graph0/NE4211 [('5253281623359674799', 'PH1010')]
2023-07-25 15:20:15,028 - INFO - Have tred in C:\Users\ASUS\PycharmProjects\viz\argorithm/../assets/graph0/NE4212 [('6139416591428618775', 'PH1010')]
2023-07-25 15:20:15,040 - INFO - Have tred in C:\Users\ASUS\PycharmProjects\viz\argorithm/../assets/graph0/NE4213 [('5253281623359674799', 'PH1010')]
2023-07-25 15:20:15,052 - INFO - Have tred in C:\Users\ASUS\PycharmProjects\viz\argorithm/../assets/graph0/NE4214 [('5253281623359674799', 'PH1010')]
2023-07-25 15:20:15,065 - INFO - Have tred in C:\Users\ASUS\PycharmProjects\viz\argorithm/../assets/graph0/NE4215 [('5253281623359674799', 'PH1010')]
2023-07-25 15:20:15,493 - INFO - Have tred in C:\Users\ASUS\PycharmProjects\viz\argorithm/../assets/graph0/NE5101 [('5253281623359674799', 'PH1010')]
2023-07-25 15:20:15,594 - INFO - Have tred in C:\Users\ASUS\PycharmProjects\viz\argorithm/../assets/graph0/NE5201 [('5253281623359674799', 'PH1010')]
2023-07-25 15:20:15,619 - INFO - Have tred in C:\Users\ASUS\PycharmProjects\viz\argorithm/../assets/graph0/NE5203 [('-1997158964018238370', '-8886503736526287353'), ('5253281623359674799', 'PH1010')]
2023-07-25 15:20:15,633 - INFO - Have tred in C:\Users\ASUS\PycharmProjects\viz\argorithm/../assets/graph0/NE5204 [('1102859053196838511', '-8886503736526287353'), ('5253281623359674799', 'PH1010')]
2023-07-25 15:20:15,647 - INFO - Have tred in C:\Users\ASUS\PycharmProjects\viz\argorithm/../assets/graph0/NE5205 [('6139416591428618775', 'PH1010'), ('4110084263325721726', 'ET2010')]
2023-07-25 15:20:15,796 - INFO - Have tred in C:\Users\ASUS\PycharmProjects\viz\argorithm/../assets/graph0/NE5911 [('5253281623359674799', 'PH1010')]
2023-07-25 15:20:15,821 - INFO - Have tred in C:\Users\ASUS\PycharmProjects\viz\argorithm/../assets/graph0/NE5921 [('5253281623359674799', 'PH1010')]
2023-07-25 15:20:17,255 - INFO - Have tred in C:\Users\ASUS\PycharmProjects\viz\argorithm/../assets/graph0/PH3030 [('5253281623359674799', 'PH1010')]
2023-07-25 15:20:17,282 - INFO - Have tred in C:\Users\ASUS\PycharmProjects\viz\argorithm/../assets/graph0/PH3035 [('5253281623359674799', 'PH1010')]
2023-07-25 15:20:17,326 - INFO - Have tred in C:\Users\ASUS\PycharmProjects\viz\argorithm/../assets/graph0/PH3060 [('5253281623359674799', 'PH1010')]
2023-07-25 15:20:17,353 - INFO - Have tred in C:\Users\ASUS\PycharmProjects\viz\argorithm/../assets/graph0/PH3065 [('5253281623359674799', 'PH1010')]
2023-07-25 15:20:17,478 - INFO - Have tred in C:\Users\ASUS\PycharmProjects\viz\argorithm/../assets/graph0/PH3110 [('5253281623359674799', 'PH1010')]
2023-07-25 15:20:17,505 - INFO - Have tred in C:\Users\ASUS\PycharmProjects\viz\argorithm/../assets/graph0/PH3120 [('5253281623359674799', 'PH1010')]
2023-07-25 15:20:17,545 - INFO - Have tred in C:\Users\ASUS\PycharmProjects\viz\argorithm/../assets/graph0/PH3130 [('5253281623359674799', 'PH1010')]
2023-07-25 15:20:17,711 - INFO - Have tred in C:\Users\ASUS\PycharmProjects\viz\argorithm/../assets/graph0/PH3210 [('5253281623359674799', 'PH1010')]
2023-07-25 15:20:17,722 - INFO - Have tred in C:\Users\ASUS\PycharmProjects\viz\argorithm/../assets/graph0/PH3220 [('5253281623359674799', 'PH1010')]
2023-07-25 15:20:17,922 - INFO - Have tred in C:\Users\ASUS\PycharmProjects\viz\argorithm/../assets/graph0/PH3310 [('5253281623359674799', 'PH1010')]
2023-07-25 15:20:17,934 - INFO - Have tred in C:\Users\ASUS\PycharmProjects\viz\argorithm/../assets/graph0/PH3320 [('5253281623359674799', 'PH1010')]
2023-07-25 15:20:18,531 - INFO - Have tred in C:\Users\ASUS\PycharmProjects\viz\argorithm/../assets/graph0/PH4200 [('5253281623359674799', 'PH1010')]
2023-07-25 15:20:18,542 - INFO - Have tred in C:\Users\ASUS\PycharmProjects\viz\argorithm/../assets/graph0/PH4211 [('5253281623359674799', 'PH1010')]
2023-07-25 15:20:18,555 - INFO - Have tred in C:\Users\ASUS\PycharmProjects\viz\argorithm/../assets/graph0/PH4212 [('5253281623359674799', 'PH1010')]
2023-07-25 15:20:18,592 - INFO - Have tred in C:\Users\ASUS\PycharmProjects\viz\argorithm/../assets/graph0/PH4230 [('5253281623359674799', 'PH1010')]
2023-07-25 15:20:18,626 - INFO - Have tred in C:\Users\ASUS\PycharmProjects\viz\argorithm/../assets/graph0/PH4240 [('5253281623359674799', 'PH1010')]
2023-07-25 15:20:18,652 - INFO - Have tred in C:\Users\ASUS\PycharmProjects\viz\argorithm/../assets/graph0/PH4251 [('5253281623359674799', 'PH1010')]
2023-07-25 15:20:18,669 - INFO - Have tred in C:\Users\ASUS\PycharmProjects\viz\argorithm/../assets/graph0/PH4252 [('890996200732857720', 'PH3130'), ('5253281623359674799', 'PH1010')]
2023-07-25 15:20:18,695 - INFO - Have tred in C:\Users\ASUS\PycharmProjects\viz\argorithm/../assets/graph0/PH4260 [('5253281623359674799', 'PH1010')]
2023-07-25 15:20:18,720 - INFO - Have tred in C:\Users\ASUS\PycharmProjects\viz\argorithm/../assets/graph0/PH4270 [('5253281623359674799', 'PH1010')]
2023-07-25 15:20:18,744 - INFO - Have tred in C:\Users\ASUS\PycharmProjects\viz\argorithm/../assets/graph0/PH4280 [('5253281623359674799', 'PH1010')]
2023-07-25 15:20:18,767 - INFO - Have tred in C:\Users\ASUS\PycharmProjects\viz\argorithm/../assets/graph0/PH4290 [('5253281623359674799', 'PH1010')]
2023-07-25 15:20:18,791 - INFO - Have tred in C:\Users\ASUS\PycharmProjects\viz\argorithm/../assets/graph0/PH4300 [('5253281623359674799', 'PH1010')]
2023-07-25 15:20:18,813 - INFO - Have tred in C:\Users\ASUS\PycharmProjects\viz\argorithm/../assets/graph0/PH4310 [('5253281623359674799', 'PH1010'), ('-235835478969721337', 'PH3120')]
2023-07-25 15:20:19,118 - INFO - Have tred in C:\Users\ASUS\PycharmProjects\viz\argorithm/../assets/graph0/PH4601 [('5253281623359674799', 'PH1010')]
2023-07-25 15:20:19,131 - INFO - Have tred in C:\Users\ASUS\PycharmProjects\viz\argorithm/../assets/graph0/PH4602 [('5253281623359674799', 'PH1010')]
2023-07-25 15:20:19,262 - INFO - Have tred in C:\Users\ASUS\PycharmProjects\viz\argorithm/../assets/graph0/PH4700 [('5253281623359674799', 'PH1010')]
2023-07-25 15:20:19,275 - INFO - Have tred in C:\Users\ASUS\PycharmProjects\viz\argorithm/../assets/graph0/PH4710 [('5253281623359674799', 'PH1010')]
2023-07-25 15:20:21,521 - INFO - Have tred in C:\Users\ASUS\PycharmProjects\viz\argorithm/../assets/graph0/TE3640 [('8599604163877056275', 'ME2011')]
2023-07-25 15:20:21,585 - INFO - Have tred in C:\Users\ASUS\PycharmProjects\viz\argorithm/../assets/graph0/TE3660 [('-3470253112474432326', 'TE3610')]
2023-07-25 15:20:21,772 - INFO - Have tred in C:\Users\ASUS\PycharmProjects\viz\argorithm/../assets/graph0/TE4004 [('7154612118490077133', 'TE3610')]
2023-07-25 15:20:22,157 - INFO - Have tred in C:\Users\ASUS\PycharmProjects\viz\argorithm/../assets/graph0/TE4510 [('6110606851260323669', 'TE3460')]
2023-07-25 15:20:22,184 - INFO - Have tred in C:\Users\ASUS\PycharmProjects\viz\argorithm/../assets/graph0/TE4530 [('-2730811788300606733', 'TE3460')]
2023-07-25 15:20:22,199 - INFO - Have tred in C:\Users\ASUS\PycharmProjects\viz\argorithm/../assets/graph0/TE4540 [('6110606851260323669', 'TE3460')]
2023-07-25 15:20:22,507 - INFO - Have tred in C:\Users\ASUS\PycharmProjects\viz\argorithm/../assets/graph0/TE4630 [('-3470253112474432326', 'TE3610'), ('-8910615905446700958', 'TE3650')]
2023-07-25 15:20:22,521 - INFO - Have tred in C:\Users\ASUS\PycharmProjects\viz\argorithm/../assets/graph0/TE4631 [('7059725587363067938', 'TE3610')]
2023-07-25 15:20:22,533 - INFO - Have tred in C:\Users\ASUS\PycharmProjects\viz\argorithm/../assets/graph0/TE4632 [('7059725587363067938', 'TE3610')]
2023-07-25 15:20:22,557 - INFO - Have tred in C:\Users\ASUS\PycharmProjects\viz\argorithm/../assets/graph0/TE4640 [('-5390406584593576546', 'TE3650'), ('-3470253112474432326', 'TE3610')]
2023-07-25 15:20:22,571 - INFO - Have tred in C:\Users\ASUS\PycharmProjects\viz\argorithm/../assets/graph0/TE4641 [('7059725587363067938', 'TE3610')]
2023-07-25 15:20:22,585 - INFO - Have tred in C:\Users\ASUS\PycharmProjects\viz\argorithm/../assets/graph0/TE4650 [('-1897959574624499383', 'TE3650'), ('-3470253112474432326', 'TE3610'), ('-1897959574624499383', 'TE3601')]
2023-07-25 15:20:22,632 - INFO - Have tred in C:\Users\ASUS\PycharmProjects\viz\argorithm/../assets/graph0/TE4660 [('-5390406584593576546', 'TE3650'), ('-3470253112474432326', 'TE3610')]
2023-07-25 15:20:22,646 - INFO - Have tred in C:\Users\ASUS\PycharmProjects\viz\argorithm/../assets/graph0/TE4670 [('-5390406584593576546', 'TE3650'), ('-3470253112474432326', 'TE3610')]
2023-07-25 15:20:22,661 - INFO - Have tred in C:\Users\ASUS\PycharmProjects\viz\argorithm/../assets/graph0/TE4680 [('-6529916675256343306', 'TE3650'), ('-3470253112474432326', 'TE3610')]
2023-07-25 15:20:22,785 - INFO - Have tred in C:\Users\ASUS\PycharmProjects\viz\argorithm/../assets/graph0/TE4811 [('4334817133815363', 'TE3601')]
2023-07-25 15:20:22,867 - INFO - Have tred in C:\Users\ASUS\PycharmProjects\viz\argorithm/../assets/graph0/TE4841 [('4334817133815363', 'TE3601')]
2023-07-25 15:20:23,018 - INFO - Have tred in C:\Users\ASUS\PycharmProjects\viz\argorithm/../assets/graph0/TE4901 [('-4812560667952214250', 'ME3191')]
2023-07-25 15:20:23,150 - INFO - Have tred in C:\Users\ASUS\PycharmProjects\viz\argorithm/../assets/graph0/TE4994 [('7154612118490077133', 'TE3610')]
2023-07-25 15:20:23,681 - INFO - Have tred in C:\Users\ASUS\PycharmProjects\viz\argorithm/../assets/graph0/TE5630 [('2138249396515622541', 'TE2601'), ('3649033829411941529', 'TE3601')]
2023-07-25 15:20:23,896 - INFO - Have tred in C:\Users\ASUS\PycharmProjects\viz\argorithm/../assets/graph0/TE5821 [('4334817133815363', 'TE3601')]
2023-07-25 15:20:24,202 - INFO - Have tred in C:\Users\ASUS\PycharmProjects\viz\argorithm/../assets/graph0/TE5995 [('4334817133815363', 'TE3601')]
2023-07-25 15:20:25,964 - INFO - Have tred in C:\Users\ASUS\PycharmProjects\viz\argorithm/../assets/graph0/TEX4182 [('-5740092442917098708', 'TEX4162')]
2023-07-25 15:20:26,013 - INFO - Have tred in C:\Users\ASUS\PycharmProjects\viz\argorithm/../assets/graph0/TEX4192 [('-5740092442917098708', 'TEX4162')]
2023-07-25 15:20:26,491 - INFO - Have tred in C:\Users\ASUS\PycharmProjects\viz\argorithm/../assets/graph0/TEX4362 [('-7281330697728290090', 'TEX4352')]
2023-07-25 15:20:27,371 - INFO - Have tred in C:\Users\ASUS\PycharmProjects\viz\argorithm/../assets/graph0/TEX4935 [('1155933730821029390', 'TEX4495')]
2023-07-25 15:20:28,826 - INFO - Have tred in C:\Users\ASUS\PycharmProjects\viz\argorithm/../assets/graph0/TEX5225 [('-4606855996604603314', 'TEX4495')]
2023-07-25 15:20:28,917 - INFO - Have tred in C:\Users\ASUS\PycharmProjects\viz\argorithm/../assets/graph0/TEX5245 [('-4606855996604603314', 'TEX4495')]
